{"/home/travis/build/npmtest/node-npmtest-orm/test.js":{"path":"/home/travis/build/npmtest/node-npmtest-orm/test.js","s":{"1":2,"2":2,"3":2,"4":2,"5":2,"6":2,"7":2,"8":1,"9":2,"10":2,"11":1,"12":1,"13":1,"14":1,"15":2,"16":2,"17":2,"18":2,"19":1,"20":1,"21":2,"22":2,"23":2,"24":1,"25":1,"26":1,"27":1,"28":1,"29":1,"30":1,"31":1,"32":1,"33":1,"34":1,"35":1,"36":1,"37":2,"38":2,"39":1,"40":2,"41":2,"42":1,"43":2,"44":2,"45":1,"46":2,"47":2,"48":1,"49":1,"50":1,"51":1,"52":1},"b":{"1":[2,1,1,1],"2":[1,1,1,1],"3":[1,1],"4":[1,1],"5":[1,1],"6":[1,1],"7":[1,1],"8":[1,1],"9":[1,1,1],"10":[1,1],"11":[1,1],"12":[1,1],"13":[1,1],"14":[1,1],"15":[1,1],"16":[1,1]},"f":{"1":2,"2":2,"3":2,"4":2,"5":2,"6":1,"7":1,"8":2,"9":2,"10":2,"11":2,"12":1},"fnMap":{"1":{"name":"(anonymous_1)","line":12,"loc":{"start":{"line":12,"column":1},"end":{"line":12,"column":13}}},"2":{"name":"(anonymous_2)","line":19,"loc":{"start":{"line":19,"column":5},"end":{"line":19,"column":17}}},"3":{"name":"(anonymous_3)","line":23,"loc":{"start":{"line":23,"column":24},"end":{"line":23,"column":36}}},"4":{"name":"(anonymous_4)","line":61,"loc":{"start":{"line":61,"column":5},"end":{"line":61,"column":17}}},"5":{"name":"(anonymous_5)","line":82,"loc":{"start":{"line":82,"column":5},"end":{"line":82,"column":17}}},"6":{"name":"(anonymous_6)","line":102,"loc":{"start":{"line":102,"column":83},"end":{"line":105,"column":10}},"skip":true},"7":{"name":"(anonymous_7)","line":113,"loc":{"start":{"line":113,"column":77},"end":{"line":116,"column":10}},"skip":true},"8":{"name":"(anonymous_8)","line":129,"loc":{"start":{"line":129,"column":12},"end":{"line":129,"column":40}},"skip":true},"9":{"name":"(anonymous_9)","line":137,"loc":{"start":{"line":137,"column":77},"end":{"line":140,"column":10}},"skip":true},"10":{"name":"(anonymous_10)","line":148,"loc":{"start":{"line":148,"column":83},"end":{"line":151,"column":10}},"skip":true},"11":{"name":"(anonymous_11)","line":159,"loc":{"start":{"line":159,"column":79},"end":{"line":162,"column":10}},"skip":true},"12":{"name":"(anonymous_12)","line":170,"loc":{"start":{"line":170,"column":75},"end":{"line":173,"column":10}},"skip":true}},"statementMap":{"1":{"start":{"line":12,"column":0},"end":{"line":185,"column":5}},"2":{"start":{"line":14,"column":4},"end":{"line":14,"column":14}},"3":{"start":{"line":19,"column":4},"end":{"line":56,"column":9}},"4":{"start":{"line":21,"column":8},"end":{"line":21,"column":19}},"5":{"start":{"line":23,"column":8},"end":{"line":35,"column":13}},"6":{"start":{"line":24,"column":12},"end":{"line":34,"column":13}},"7":{"start":{"line":25,"column":16},"end":{"line":28,"column":30}},"8":{"start":{"line":30,"column":16},"end":{"line":33,"column":27}},"9":{"start":{"line":37,"column":8},"end":{"line":39,"column":21}},"10":{"start":{"line":40,"column":8},"end":{"line":53,"column":9}},"11":{"start":{"line":43,"column":12},"end":{"line":46,"column":14}},"12":{"start":{"line":47,"column":12},"end":{"line":47,"column":18}},"13":{"start":{"line":50,"column":12},"end":{"line":51,"column":46}},"14":{"start":{"line":52,"column":12},"end":{"line":52,"column":18}},"15":{"start":{"line":55,"column":8},"end":{"line":55,"column":35}},"16":{"start":{"line":61,"column":4},"end":{"line":63,"column":9}},"17":{"start":{"line":62,"column":8},"end":{"line":62,"column":15}},"18":{"start":{"line":64,"column":4},"end":{"line":77,"column":5}},"19":{"start":{"line":70,"column":8},"end":{"line":70,"column":14}},"20":{"start":{"line":76,"column":8},"end":{"line":76,"column":14}},"21":{"start":{"line":82,"column":4},"end":{"line":84,"column":9}},"22":{"start":{"line":83,"column":8},"end":{"line":83,"column":15}},"23":{"start":{"line":85,"column":4},"end":{"line":184,"column":5}},"24":{"start":{"line":92,"column":8},"end":{"line":94,"column":63}},"25":{"start":{"line":95,"column":8},"end":{"line":95,"column":14}},"26":{"start":{"line":102,"column":8},"end":{"line":111,"column":10},"skip":true},"27":{"start":{"line":109,"column":12},"end":{"line":109,"column":55},"skip":true},"28":{"start":{"line":110,"column":12},"end":{"line":110,"column":48},"skip":true},"29":{"start":{"line":113,"column":8},"end":{"line":126,"column":10},"skip":true},"30":{"start":{"line":120,"column":12},"end":{"line":120,"column":76},"skip":true},"31":{"start":{"line":121,"column":12},"end":{"line":121,"column":73},"skip":true},"32":{"start":{"line":122,"column":12},"end":{"line":122,"column":74},"skip":true},"33":{"start":{"line":123,"column":12},"end":{"line":123,"column":79},"skip":true},"34":{"start":{"line":124,"column":12},"end":{"line":124,"column":25},"skip":true},"35":{"start":{"line":125,"column":12},"end":{"line":125,"column":45},"skip":true},"36":{"start":{"line":128,"column":8},"end":{"line":135,"column":14},"skip":true},"37":{"start":{"line":133,"column":16},"end":{"line":133,"column":29},"skip":true},"38":{"start":{"line":134,"column":16},"end":{"line":134,"column":55},"skip":true},"39":{"start":{"line":137,"column":8},"end":{"line":146,"column":10},"skip":true},"40":{"start":{"line":144,"column":12},"end":{"line":144,"column":25},"skip":true},"41":{"start":{"line":145,"column":12},"end":{"line":145,"column":45},"skip":true},"42":{"start":{"line":148,"column":8},"end":{"line":157,"column":10},"skip":true},"43":{"start":{"line":155,"column":12},"end":{"line":155,"column":25},"skip":true},"44":{"start":{"line":156,"column":12},"end":{"line":156,"column":48},"skip":true},"45":{"start":{"line":159,"column":8},"end":{"line":168,"column":10},"skip":true},"46":{"start":{"line":166,"column":12},"end":{"line":166,"column":25},"skip":true},"47":{"start":{"line":167,"column":12},"end":{"line":167,"column":46},"skip":true},"48":{"start":{"line":170,"column":8},"end":{"line":179,"column":10},"skip":true},"49":{"start":{"line":177,"column":12},"end":{"line":177,"column":94},"skip":true},"50":{"start":{"line":178,"column":12},"end":{"line":178,"column":48},"skip":true},"51":{"start":{"line":182,"column":8},"end":{"line":182,"column":35},"skip":true},"52":{"start":{"line":183,"column":8},"end":{"line":183,"column":14},"skip":true}},"branchMap":{"1":{"line":25,"type":"binary-expr","locations":[{"start":{"line":25,"column":23},"end":{"line":25,"column":62}},{"start":{"line":26,"column":20},"end":{"line":26,"column":70}},{"start":{"line":27,"column":20},"end":{"line":27,"column":71}},{"start":{"line":28,"column":20},"end":{"line":28,"column":29}}]},"2":{"line":30,"type":"binary-expr","locations":[{"start":{"line":30,"column":23},"end":{"line":30,"column":37}},{"start":{"line":31,"column":20},"end":{"line":31,"column":61}},{"start":{"line":32,"column":20},"end":{"line":32,"column":70}},{"start":{"line":33,"column":20},"end":{"line":33,"column":26}}]},"3":{"line":37,"type":"cond-expr","locations":[{"start":{"line":38,"column":14},"end":{"line":38,"column":20}},{"start":{"line":39,"column":14},"end":{"line":39,"column":20}}]},"4":{"line":40,"type":"switch","locations":[{"start":{"line":42,"column":8},"end":{"line":47,"column":18}},{"start":{"line":49,"column":8},"end":{"line":52,"column":18}}]},"5":{"line":44,"type":"binary-expr","locations":[{"start":{"line":44,"column":16},"end":{"line":44,"column":44}},{"start":{"line":44,"column":48},"end":{"line":44,"column":66}}]},"6":{"line":50,"type":"binary-expr","locations":[{"start":{"line":50,"column":21},"end":{"line":50,"column":49}},{"start":{"line":50,"column":53},"end":{"line":50,"column":72}}]},"7":{"line":64,"type":"switch","locations":[{"start":{"line":69,"column":4},"end":{"line":70,"column":14}},{"start":{"line":75,"column":4},"end":{"line":76,"column":14}}]},"8":{"line":85,"type":"switch","locations":[{"start":{"line":90,"column":4},"end":{"line":95,"column":14}},{"start":{"line":101,"column":4},"end":{"line":183,"column":14},"skip":true}]},"9":{"line":92,"type":"binary-expr","locations":[{"start":{"line":92,"column":18},"end":{"line":92,"column":32}},{"start":{"line":93,"column":12},"end":{"line":93,"column":53}},{"start":{"line":94,"column":12},"end":{"line":94,"column":61}}]},"10":{"line":102,"type":"binary-expr","locations":[{"start":{"line":102,"column":45},"end":{"line":102,"column":79},"skip":true},{"start":{"line":102,"column":83},"end":{"line":111,"column":9},"skip":true}]},"11":{"line":113,"type":"binary-expr","locations":[{"start":{"line":113,"column":42},"end":{"line":113,"column":73},"skip":true},{"start":{"line":113,"column":77},"end":{"line":126,"column":9},"skip":true}]},"12":{"line":128,"type":"binary-expr","locations":[{"start":{"line":128,"column":48},"end":{"line":128,"column":85},"skip":true},{"start":{"line":129,"column":12},"end":{"line":135,"column":13},"skip":true}]},"13":{"line":137,"type":"binary-expr","locations":[{"start":{"line":137,"column":42},"end":{"line":137,"column":73},"skip":true},{"start":{"line":137,"column":77},"end":{"line":146,"column":9},"skip":true}]},"14":{"line":148,"type":"binary-expr","locations":[{"start":{"line":148,"column":45},"end":{"line":148,"column":79},"skip":true},{"start":{"line":148,"column":83},"end":{"line":157,"column":9},"skip":true}]},"15":{"line":159,"type":"binary-expr","locations":[{"start":{"line":159,"column":43},"end":{"line":159,"column":75},"skip":true},{"start":{"line":159,"column":79},"end":{"line":168,"column":9},"skip":true}]},"16":{"line":170,"type":"binary-expr","locations":[{"start":{"line":170,"column":41},"end":{"line":170,"column":71},"skip":true},{"start":{"line":170,"column":75},"end":{"line":179,"column":9},"skip":true}]}},"code":["/* istanbul instrument in package npmtest_orm */","/*jslint","    bitwise: true,","    browser: true,","    maxerr: 8,","    maxlen: 96,","    node: true,","    nomen: true,","    regexp: true,","    stupid: true","*/","(function () {","    'use strict';","    var local;","","","","    // run shared js-env code - pre-init","    (function () {","        // init local","        local = {};","        // init modeJs","        local.modeJs = (function () {","            try {","                return typeof navigator.userAgent === 'string' &&","                    typeof document.querySelector('body') === 'object' &&","                    typeof XMLHttpRequest.prototype.open === 'function' &&","                    'browser';","            } catch (errorCaughtBrowser) {","                return module.exports &&","                    typeof process.versions.node === 'string' &&","                    typeof require('http').createServer === 'function' &&","                    'node';","            }","        }());","        // init global","        local.global = local.modeJs === 'browser'","            ? window","            : global;","        switch (local.modeJs) {","        // re-init local from window.local","        case 'browser':","            local = local.global.utility2.objectSetDefault(","                local.global.utility2_rollup || local.global.local,","                local.global.utility2","            );","            break;","        // re-init local from example.js","        case 'node':","            local = (local.global.utility2_rollup || require('utility2'))","                .requireExampleJsFromReadme();","            break;","        }","        // export local","        local.global.local = local;","    }());","","","","    // run shared js-env code - function","    (function () {","        return;","    }());","    switch (local.modeJs) {","","","","    // run browser js-env code - function","    case 'browser':","        break;","","","","    // run node js-env code - function","    case 'node':","        break;","    }","","","","    // run shared js-env code - post-init","    (function () {","        return;","    }());","    switch (local.modeJs) {","","","","    // run browser js-env code - post-init","    case 'browser':","        // run tests","        local.nop(local.modeTest &&","            document.querySelector('#testRunButton1') &&","            document.querySelector('#testRunButton1').click());","        break;","","","","    // run node js-env code - post-init","    /* istanbul ignore next */","    case 'node':","        local.testCase_buildApidoc_default = local.testCase_buildApidoc_default || function (","            options,","            onError","        ) {","        /*","         * this function will test buildApidoc's default handling-behavior-behavior","         */","            options = { modulePathList: module.paths };","            local.buildApidoc(options, onError);","        };","","        local.testCase_buildApp_default = local.testCase_buildApp_default || function (","            options,","            onError","        ) {","        /*","         * this function will test buildApp's default handling-behavior-behavior","         */","            local.testCase_buildReadme_default(options, local.onErrorThrow);","            local.testCase_buildLib_default(options, local.onErrorThrow);","            local.testCase_buildTest_default(options, local.onErrorThrow);","            local.testCase_buildCustomOrg_default(options, local.onErrorThrow);","            options = [];","            local.buildApp(options, onError);","        };","","        local.testCase_buildCustomOrg_default = local.testCase_buildCustomOrg_default ||","            function (options, onError) {","            /*","             * this function will test buildCustomOrg's default handling-behavior","             */","                options = {};","                local.buildCustomOrg(options, onError);","            };","","        local.testCase_buildLib_default = local.testCase_buildLib_default || function (","            options,","            onError","        ) {","        /*","         * this function will test buildLib's default handling-behavior","         */","            options = {};","            local.buildLib(options, onError);","        };","","        local.testCase_buildReadme_default = local.testCase_buildReadme_default || function (","            options,","            onError","        ) {","        /*","         * this function will test buildReadme's default handling-behavior-behavior","         */","            options = {};","            local.buildReadme(options, onError);","        };","","        local.testCase_buildTest_default = local.testCase_buildTest_default || function (","            options,","            onError","        ) {","        /*","         * this function will test buildTest's default handling-behavior","         */","            options = {};","            local.buildTest(options, onError);","        };","","        local.testCase_webpage_default = local.testCase_webpage_default || function (","            options,","            onError","        ) {","        /*","         * this function will test webpage's default handling-behavior","         */","            options = { modeCoverageMerge: true, url: local.serverLocalHost + '?modeTest=1' };","            local.browserTest(options, onError);","        };","","        // run test-server","        local.testRunServer(local);","        break;","    }","}());",""],"l":{"12":2,"14":2,"19":2,"21":2,"23":2,"24":2,"25":2,"30":1,"37":2,"40":2,"43":1,"47":1,"50":1,"52":1,"55":2,"61":2,"62":2,"64":2,"70":1,"76":1,"82":2,"83":2,"85":2,"92":1,"95":1,"102":1,"109":1,"110":1,"113":1,"120":1,"121":1,"122":1,"123":1,"124":1,"125":1,"128":1,"133":2,"134":2,"137":1,"144":2,"145":2,"148":1,"155":2,"156":2,"159":1,"166":2,"167":2,"170":1,"177":1,"178":1,"182":1,"183":1}},"/home/travis/build/npmtest/node-npmtest-orm/lib.npmtest_orm.js":{"path":"/home/travis/build/npmtest/node-npmtest-orm/lib.npmtest_orm.js","s":{"1":2,"2":2,"3":2,"4":2,"5":2,"6":2,"7":2,"8":1,"9":2,"10":2,"11":2,"12":2,"13":1,"14":1,"15":1,"16":1},"b":{"1":[2,1,1,1],"2":[1,1,1,1],"3":[1,1],"4":[2,2],"5":[1,1]},"f":{"1":2,"2":2,"3":2},"fnMap":{"1":{"name":"(anonymous_1)","line":12,"loc":{"start":{"line":12,"column":1},"end":{"line":12,"column":13}}},"2":{"name":"(anonymous_2)","line":19,"loc":{"start":{"line":19,"column":5},"end":{"line":19,"column":17}}},"3":{"name":"(anonymous_3)","line":23,"loc":{"start":{"line":23,"column":24},"end":{"line":23,"column":36}}}},"statementMap":{"1":{"start":{"line":12,"column":0},"end":{"line":53,"column":5}},"2":{"start":{"line":14,"column":4},"end":{"line":14,"column":14}},"3":{"start":{"line":19,"column":4},"end":{"line":52,"column":9}},"4":{"start":{"line":21,"column":8},"end":{"line":21,"column":19}},"5":{"start":{"line":23,"column":8},"end":{"line":35,"column":13}},"6":{"start":{"line":24,"column":12},"end":{"line":34,"column":13}},"7":{"start":{"line":25,"column":16},"end":{"line":28,"column":30}},"8":{"start":{"line":30,"column":16},"end":{"line":33,"column":27}},"9":{"start":{"line":37,"column":8},"end":{"line":39,"column":21}},"10":{"start":{"line":41,"column":8},"end":{"line":41,"column":54}},"11":{"start":{"line":43,"column":8},"end":{"line":43,"column":48}},"12":{"start":{"line":45,"column":8},"end":{"line":51,"column":9}},"13":{"start":{"line":46,"column":12},"end":{"line":46,"column":54}},"14":{"start":{"line":48,"column":12},"end":{"line":48,"column":35}},"15":{"start":{"line":49,"column":12},"end":{"line":49,"column":49}},"16":{"start":{"line":50,"column":12},"end":{"line":50,"column":43}}},"branchMap":{"1":{"line":25,"type":"binary-expr","locations":[{"start":{"line":25,"column":23},"end":{"line":25,"column":62}},{"start":{"line":26,"column":20},"end":{"line":26,"column":70}},{"start":{"line":27,"column":20},"end":{"line":27,"column":71}},{"start":{"line":28,"column":20},"end":{"line":28,"column":29}}]},"2":{"line":30,"type":"binary-expr","locations":[{"start":{"line":30,"column":23},"end":{"line":30,"column":37}},{"start":{"line":31,"column":20},"end":{"line":31,"column":61}},{"start":{"line":32,"column":20},"end":{"line":32,"column":70}},{"start":{"line":33,"column":20},"end":{"line":33,"column":26}}]},"3":{"line":37,"type":"cond-expr","locations":[{"start":{"line":38,"column":14},"end":{"line":38,"column":20}},{"start":{"line":39,"column":14},"end":{"line":39,"column":20}}]},"4":{"line":41,"type":"binary-expr","locations":[{"start":{"line":41,"column":16},"end":{"line":41,"column":44}},{"start":{"line":41,"column":48},"end":{"line":41,"column":53}}]},"5":{"line":45,"type":"if","locations":[{"start":{"line":45,"column":8},"end":{"line":45,"column":8}},{"start":{"line":45,"column":8},"end":{"line":45,"column":8}}]}},"code":["/* istanbul instrument in package npmtest_orm */","/*jslint","    bitwise: true,","    browser: true,","    maxerr: 8,","    maxlen: 96,","    node: true,","    nomen: true,","    regexp: true,","    stupid: true","*/","(function () {","    'use strict';","    var local;","","","","    // run shared js-env code - pre-init","    (function () {","        // init local","        local = {};","        // init modeJs","        local.modeJs = (function () {","            try {","                return typeof navigator.userAgent === 'string' &&","                    typeof document.querySelector('body') === 'object' &&","                    typeof XMLHttpRequest.prototype.open === 'function' &&","                    'browser';","            } catch (errorCaughtBrowser) {","                return module.exports &&","                    typeof process.versions.node === 'string' &&","                    typeof require('http').createServer === 'function' &&","                    'node';","            }","        }());","        // init global","        local.global = local.modeJs === 'browser'","            ? window","            : global;","        // init utility2_rollup","        local = local.global.utility2_rollup || local;","        // init lib","        local.local = local.npmtest_orm = local;","        // init exports","        if (local.modeJs === 'browser') {","            local.global.utility2_npmtest_orm = local;","        } else {","            module.exports = local;","            module.exports.__dirname = __dirname;","            module.exports.module = module;","        }","    }());","}());",""],"l":{"12":2,"14":2,"19":2,"21":2,"23":2,"24":2,"25":2,"30":1,"37":2,"41":2,"43":2,"45":2,"46":1,"48":1,"49":1,"50":1}},"/home/travis/build/npmtest/node-npmtest-orm/example.js":{"path":"/home/travis/build/npmtest/node-npmtest-orm/example.js","s":{"1":2,"2":2,"3":2,"4":2,"5":2,"6":2,"7":2,"8":1,"9":2,"10":2,"11":2,"12":2,"13":1,"14":2,"15":2,"16":2,"17":2,"18":2,"19":0,"20":2,"21":1,"22":1,"23":1,"24":1,"25":1,"26":0,"27":0,"28":1,"29":1,"30":2,"31":0,"32":0,"33":0,"34":1,"35":2,"36":2,"37":2,"38":2,"39":2,"40":2,"41":0,"42":2,"43":2,"44":2,"45":1,"46":3,"47":1,"48":1,"49":1,"50":1,"51":1,"52":1,"53":1,"54":1,"55":1,"56":1,"57":0,"58":1,"59":6,"60":6,"61":1,"62":2,"63":0,"64":2,"65":1,"66":1,"67":0,"68":0,"69":0,"70":0,"71":0,"72":0,"73":0,"74":0,"75":0,"76":0,"77":0,"78":0,"79":0,"80":0,"81":0,"82":0,"83":0},"b":{"1":[2,1,1,1],"2":[1,1,1,1],"3":[1,1],"4":[2,2],"5":[1,1],"6":[1,1],"7":[2,0],"8":[2,1,1,1,1,1],"9":[0,2,0],"10":[1,1],"11":[2,1,1],"12":[1,0],"13":[0,2],"14":[2,0,0,0,0,0,0],"15":[0,2],"16":[2,0],"17":[1,1],"18":[0,1],"19":[1,2,0,2],"20":[1,0],"21":[1,1],"22":[0,0],"23":[0,0],"24":[0,0],"25":[0,0],"26":[0,0],"27":[0,0],"28":[0,0]},"f":{"1":2,"2":2,"3":2,"4":2,"5":2,"6":2,"7":2,"8":2,"9":3,"10":1,"11":6,"12":0},"fnMap":{"1":{"name":"(anonymous_1)","line":26,"loc":{"start":{"line":26,"column":1},"end":{"line":26,"column":13}}},"2":{"name":"(anonymous_2)","line":33,"loc":{"start":{"line":33,"column":5},"end":{"line":33,"column":17}}},"3":{"name":"(anonymous_3)","line":37,"loc":{"start":{"line":37,"column":24},"end":{"line":37,"column":36}}},"4":{"name":"(anonymous_4)","line":69,"loc":{"start":{"line":69,"column":31},"end":{"line":69,"column":48}},"skip":true},"5":{"name":"(anonymous_5)","line":78,"loc":{"start":{"line":78,"column":26},"end":{"line":78,"column":45}},"skip":true},"6":{"name":"(anonymous_6)","line":123,"loc":{"start":{"line":123,"column":33},"end":{"line":123,"column":48}},"skip":true},"7":{"name":"(anonymous_7)","line":125,"loc":{"start":{"line":125,"column":27},"end":{"line":125,"column":39}},"skip":true},"8":{"name":"(anonymous_8)","line":133,"loc":{"start":{"line":133,"column":59},"end":{"line":133,"column":74}},"skip":true},"9":{"name":"(anonymous_9)","line":143,"loc":{"start":{"line":143,"column":45},"end":{"line":143,"column":62}},"skip":true},"10":{"name":"(anonymous_10)","line":144,"loc":{"start":{"line":144,"column":73},"end":{"line":144,"column":92}},"skip":true},"11":{"name":"(anonymous_11)","line":272,"loc":{"start":{"line":272,"column":51},"end":{"line":272,"column":77}},"skip":true},"12":{"name":"(anonymous_12)","line":314,"loc":{"start":{"line":314,"column":32},"end":{"line":314,"column":61}},"skip":true}},"statementMap":{"1":{"start":{"line":26,"column":0},"end":{"line":325,"column":5}},"2":{"start":{"line":28,"column":4},"end":{"line":28,"column":14}},"3":{"start":{"line":33,"column":4},"end":{"line":60,"column":9}},"4":{"start":{"line":35,"column":8},"end":{"line":35,"column":19}},"5":{"start":{"line":37,"column":8},"end":{"line":49,"column":13}},"6":{"start":{"line":38,"column":12},"end":{"line":48,"column":13}},"7":{"start":{"line":39,"column":16},"end":{"line":42,"column":30}},"8":{"start":{"line":44,"column":16},"end":{"line":47,"column":27}},"9":{"start":{"line":51,"column":8},"end":{"line":53,"column":21}},"10":{"start":{"line":55,"column":8},"end":{"line":57,"column":45}},"11":{"start":{"line":59,"column":8},"end":{"line":59,"column":35}},"12":{"start":{"line":61,"column":4},"end":{"line":324,"column":5}},"13":{"start":{"line":69,"column":8},"end":{"line":121,"column":10},"skip":true},"14":{"start":{"line":70,"column":12},"end":{"line":88,"column":13},"skip":true},"15":{"start":{"line":76,"column":16},"end":{"line":87,"column":19},"skip":true},"16":{"start":{"line":79,"column":20},"end":{"line":86,"column":21},"skip":true},"17":{"start":{"line":82,"column":24},"end":{"line":82,"column":43},"skip":true},"18":{"start":{"line":83,"column":24},"end":{"line":83,"column":30},"skip":true},"19":{"start":{"line":85,"column":24},"end":{"line":85,"column":49},"skip":true},"20":{"start":{"line":89,"column":12},"end":{"line":107,"column":13},"skip":true},"21":{"start":{"line":92,"column":16},"end":{"line":102,"column":17},"skip":true},"22":{"start":{"line":93,"column":20},"end":{"line":93,"column":86},"skip":true},"23":{"start":{"line":94,"column":20},"end":{"line":95,"column":45},"skip":true},"24":{"start":{"line":96,"column":20},"end":{"line":96,"column":42},"skip":true},"25":{"start":{"line":97,"column":20},"end":{"line":97,"column":48},"skip":true},"26":{"start":{"line":100,"column":20},"end":{"line":100,"column":85},"skip":true},"27":{"start":{"line":101,"column":20},"end":{"line":101,"column":96},"skip":true},"28":{"start":{"line":103,"column":16},"end":{"line":103,"column":22},"skip":true},"29":{"start":{"line":106,"column":16},"end":{"line":106,"column":22},"skip":true},"30":{"start":{"line":108,"column":12},"end":{"line":120,"column":13},"skip":true},"31":{"start":{"line":114,"column":16},"end":{"line":119,"column":17},"skip":true},"32":{"start":{"line":116,"column":20},"end":{"line":116,"column":78},"skip":true},"33":{"start":{"line":118,"column":20},"end":{"line":118,"column":53},"skip":true},"34":{"start":{"line":123,"column":8},"end":{"line":141,"column":11},"skip":true},"35":{"start":{"line":124,"column":12},"end":{"line":124,"column":54},"skip":true},"36":{"start":{"line":125,"column":12},"end":{"line":140,"column":14},"skip":true},"37":{"start":{"line":126,"column":16},"end":{"line":126,"column":28},"skip":true},"38":{"start":{"line":127,"column":16},"end":{"line":127,"column":69},"skip":true},"39":{"start":{"line":128,"column":16},"end":{"line":128,"column":75},"skip":true},"40":{"start":{"line":129,"column":16},"end":{"line":131,"column":17},"skip":true},"41":{"start":{"line":130,"column":20},"end":{"line":130,"column":27},"skip":true},"42":{"start":{"line":133,"column":16},"end":{"line":137,"column":36},"skip":true},"43":{"start":{"line":134,"column":20},"end":{"line":136,"column":55},"skip":true},"44":{"start":{"line":139,"column":16},"end":{"line":139,"column":57},"skip":true},"45":{"start":{"line":143,"column":8},"end":{"line":147,"column":11},"skip":true},"46":{"start":{"line":144,"column":12},"end":{"line":146,"column":15},"skip":true},"47":{"start":{"line":145,"column":16},"end":{"line":145,"column":70},"skip":true},"48":{"start":{"line":149,"column":8},"end":{"line":149,"column":31},"skip":true},"49":{"start":{"line":150,"column":8},"end":{"line":150,"column":14},"skip":true},"50":{"start":{"line":158,"column":8},"end":{"line":158,"column":31},"skip":true},"51":{"start":{"line":160,"column":8},"end":{"line":160,"column":33},"skip":true},"52":{"start":{"line":161,"column":8},"end":{"line":161,"column":37},"skip":true},"53":{"start":{"line":162,"column":8},"end":{"line":162,"column":35},"skip":true},"54":{"start":{"line":164,"column":8},"end":{"line":164,"column":50},"skip":true},"55":{"start":{"line":166,"column":8},"end":{"line":256,"column":2},"skip":true},"56":{"start":{"line":258,"column":8},"end":{"line":286,"column":9},"skip":true},"57":{"start":{"line":259,"column":12},"end":{"line":269,"column":14},"skip":true},"58":{"start":{"line":271,"column":12},"end":{"line":285,"column":19},"skip":true},"59":{"start":{"line":274,"column":20},"end":{"line":274,"column":35},"skip":true},"60":{"start":{"line":275,"column":20},"end":{"line":284,"column":21},"skip":true},"61":{"start":{"line":277,"column":24},"end":{"line":277,"column":64},"skip":true},"62":{"start":{"line":279,"column":24},"end":{"line":279,"column":40},"skip":true},"63":{"start":{"line":281,"column":24},"end":{"line":281,"column":40},"skip":true},"64":{"start":{"line":283,"column":24},"end":{"line":283,"column":39},"skip":true},"65":{"start":{"line":288,"column":8},"end":{"line":290,"column":9},"skip":true},"66":{"start":{"line":289,"column":12},"end":{"line":289,"column":18},"skip":true},"67":{"start":{"line":291,"column":8},"end":{"line":293,"column":54},"skip":true},"68":{"start":{"line":294,"column":8},"end":{"line":301,"column":37},"skip":true},"69":{"start":{"line":302,"column":8},"end":{"line":302,"column":82},"skip":true},"70":{"start":{"line":305,"column":8},"end":{"line":307,"column":9},"skip":true},"71":{"start":{"line":306,"column":12},"end":{"line":306,"column":82},"skip":true},"72":{"start":{"line":309,"column":8},"end":{"line":311,"column":9},"skip":true},"73":{"start":{"line":310,"column":12},"end":{"line":310,"column":18},"skip":true},"74":{"start":{"line":312,"column":8},"end":{"line":312,"column":54},"skip":true},"75":{"start":{"line":313,"column":8},"end":{"line":313,"column":69},"skip":true},"76":{"start":{"line":314,"column":8},"end":{"line":322,"column":36},"skip":true},"77":{"start":{"line":315,"column":12},"end":{"line":315,"column":61},"skip":true},"78":{"start":{"line":316,"column":12},"end":{"line":319,"column":13},"skip":true},"79":{"start":{"line":317,"column":16},"end":{"line":317,"column":75},"skip":true},"80":{"start":{"line":318,"column":16},"end":{"line":318,"column":23},"skip":true},"81":{"start":{"line":320,"column":12},"end":{"line":320,"column":38},"skip":true},"82":{"start":{"line":321,"column":12},"end":{"line":321,"column":27},"skip":true},"83":{"start":{"line":323,"column":8},"end":{"line":323,"column":14},"skip":true}},"branchMap":{"1":{"line":39,"type":"binary-expr","locations":[{"start":{"line":39,"column":23},"end":{"line":39,"column":62}},{"start":{"line":40,"column":20},"end":{"line":40,"column":70}},{"start":{"line":41,"column":20},"end":{"line":41,"column":71}},{"start":{"line":42,"column":20},"end":{"line":42,"column":29}}]},"2":{"line":44,"type":"binary-expr","locations":[{"start":{"line":44,"column":23},"end":{"line":44,"column":37}},{"start":{"line":45,"column":20},"end":{"line":45,"column":61}},{"start":{"line":46,"column":20},"end":{"line":46,"column":70}},{"start":{"line":47,"column":20},"end":{"line":47,"column":26}}]},"3":{"line":51,"type":"cond-expr","locations":[{"start":{"line":52,"column":14},"end":{"line":52,"column":20}},{"start":{"line":53,"column":14},"end":{"line":53,"column":20}}]},"4":{"line":55,"type":"binary-expr","locations":[{"start":{"line":55,"column":16},"end":{"line":55,"column":44}},{"start":{"line":55,"column":49},"end":{"line":57,"column":43}}]},"5":{"line":55,"type":"cond-expr","locations":[{"start":{"line":56,"column":14},"end":{"line":56,"column":47}},{"start":{"line":57,"column":14},"end":{"line":57,"column":43}}]},"6":{"line":61,"type":"switch","locations":[{"start":{"line":68,"column":4},"end":{"line":150,"column":14},"skip":true},{"start":{"line":156,"column":4},"end":{"line":323,"column":14},"skip":true}]},"7":{"line":70,"type":"if","locations":[{"start":{"line":70,"column":12},"end":{"line":70,"column":12},"skip":true},{"start":{"line":70,"column":12},"end":{"line":70,"column":12},"skip":true}]},"8":{"line":70,"type":"binary-expr","locations":[{"start":{"line":70,"column":16},"end":{"line":70,"column":22},"skip":true},{"start":{"line":70,"column":27},"end":{"line":70,"column":32},"skip":true},{"start":{"line":71,"column":20},"end":{"line":71,"column":39},"skip":true},{"start":{"line":72,"column":20},"end":{"line":72,"column":49},"skip":true},{"start":{"line":73,"column":20},"end":{"line":73,"column":58},"skip":true},{"start":{"line":74,"column":20},"end":{"line":74,"column":69},"skip":true}]},"9":{"line":79,"type":"switch","locations":[{"start":{"line":80,"column":20},"end":{"line":80,"column":33},"skip":true},{"start":{"line":81,"column":20},"end":{"line":83,"column":30},"skip":true},{"start":{"line":84,"column":20},"end":{"line":85,"column":49},"skip":true}]},"10":{"line":89,"type":"switch","locations":[{"start":{"line":90,"column":12},"end":{"line":103,"column":22},"skip":true},{"start":{"line":105,"column":12},"end":{"line":106,"column":22},"skip":true}]},"11":{"line":89,"type":"binary-expr","locations":[{"start":{"line":89,"column":20},"end":{"line":89,"column":25},"skip":true},{"start":{"line":89,"column":29},"end":{"line":89,"column":48},"skip":true},{"start":{"line":89,"column":52},"end":{"line":89,"column":74},"skip":true}]},"12":{"line":92,"type":"if","locations":[{"start":{"line":92,"column":16},"end":{"line":92,"column":16},"skip":true},{"start":{"line":92,"column":16},"end":{"line":92,"column":16},"skip":true}]},"13":{"line":108,"type":"if","locations":[{"start":{"line":108,"column":12},"end":{"line":108,"column":12},"skip":true},{"start":{"line":108,"column":12},"end":{"line":108,"column":12},"skip":true}]},"14":{"line":108,"type":"binary-expr","locations":[{"start":{"line":108,"column":16},"end":{"line":108,"column":61},"skip":true},{"start":{"line":108,"column":66},"end":{"line":108,"column":72},"skip":true},{"start":{"line":108,"column":77},"end":{"line":108,"column":82},"skip":true},{"start":{"line":109,"column":20},"end":{"line":109,"column":39},"skip":true},{"start":{"line":110,"column":20},"end":{"line":110,"column":49},"skip":true},{"start":{"line":111,"column":20},"end":{"line":111,"column":58},"skip":true},{"start":{"line":112,"column":20},"end":{"line":112,"column":68},"skip":true}]},"15":{"line":129,"type":"if","locations":[{"start":{"line":129,"column":16},"end":{"line":129,"column":16},"skip":true},{"start":{"line":129,"column":16},"end":{"line":129,"column":16},"skip":true}]},"16":{"line":134,"type":"cond-expr","locations":[{"start":{"line":135,"column":26},"end":{"line":135,"column":29},"skip":true},{"start":{"line":136,"column":26},"end":{"line":136,"column":54},"skip":true}]},"17":{"line":164,"type":"binary-expr","locations":[{"start":{"line":164,"column":27},"end":{"line":164,"column":43},"skip":true},{"start":{"line":164,"column":47},"end":{"line":164,"column":49},"skip":true}]},"18":{"line":258,"type":"if","locations":[{"start":{"line":258,"column":8},"end":{"line":258,"column":8},"skip":true},{"start":{"line":258,"column":8},"end":{"line":258,"column":8},"skip":true}]},"19":{"line":275,"type":"switch","locations":[{"start":{"line":276,"column":20},"end":{"line":277,"column":64},"skip":true},{"start":{"line":278,"column":20},"end":{"line":279,"column":40},"skip":true},{"start":{"line":280,"column":20},"end":{"line":281,"column":40},"skip":true},{"start":{"line":282,"column":20},"end":{"line":283,"column":39},"skip":true}]},"20":{"line":288,"type":"if","locations":[{"start":{"line":288,"column":8},"end":{"line":288,"column":8},"skip":true},{"start":{"line":288,"column":8},"end":{"line":288,"column":8},"skip":true}]},"21":{"line":288,"type":"binary-expr","locations":[{"start":{"line":288,"column":12},"end":{"line":288,"column":40},"skip":true},{"start":{"line":288,"column":44},"end":{"line":288,"column":67},"skip":true}]},"22":{"line":292,"type":"binary-expr","locations":[{"start":{"line":292,"column":12},"end":{"line":292,"column":50},"skip":true},{"start":{"line":293,"column":12},"end":{"line":293,"column":53},"skip":true}]},"23":{"line":295,"type":"binary-expr","locations":[{"start":{"line":295,"column":12},"end":{"line":295,"column":61},"skip":true},{"start":{"line":296,"column":12},"end":{"line":301,"column":36},"skip":true}]},"24":{"line":302,"type":"binary-expr","locations":[{"start":{"line":302,"column":43},"end":{"line":302,"column":75},"skip":true},{"start":{"line":302,"column":79},"end":{"line":302,"column":81},"skip":true}]},"25":{"line":305,"type":"if","locations":[{"start":{"line":305,"column":8},"end":{"line":305,"column":8},"skip":true},{"start":{"line":305,"column":8},"end":{"line":305,"column":8},"skip":true}]},"26":{"line":309,"type":"if","locations":[{"start":{"line":309,"column":8},"end":{"line":309,"column":8},"skip":true},{"start":{"line":309,"column":8},"end":{"line":309,"column":8},"skip":true}]},"27":{"line":312,"type":"binary-expr","locations":[{"start":{"line":312,"column":27},"end":{"line":312,"column":43},"skip":true},{"start":{"line":312,"column":47},"end":{"line":312,"column":53},"skip":true}]},"28":{"line":316,"type":"if","locations":[{"start":{"line":316,"column":12},"end":{"line":316,"column":12},"skip":true},{"start":{"line":316,"column":12},"end":{"line":316,"column":12},"skip":true}]}},"code":["/*","example.js","","quickstart example","","instruction","    1. save this script as example.js","    2. run the shell command:","        $ npm install npmtest-orm && PORT=8081 node example.js","    3. play with the browser-demo on http://127.0.0.1:8081","*/","","","","/* istanbul instrument in package npmtest_orm */","/*jslint","    bitwise: true,","    browser: true,","    maxerr: 8,","    maxlen: 96,","    node: true,","    nomen: true,","    regexp: true,","    stupid: true","*/","(function () {","    'use strict';","    var local;","","","","    // run shared js-env code - pre-init","    (function () {","        // init local","        local = {};","        // init modeJs","        local.modeJs = (function () {","            try {","                return typeof navigator.userAgent === 'string' &&","                    typeof document.querySelector('body') === 'object' &&","                    typeof XMLHttpRequest.prototype.open === 'function' &&","                    'browser';","            } catch (errorCaughtBrowser) {","                return module.exports &&","                    typeof process.versions.node === 'string' &&","                    typeof require('http').createServer === 'function' &&","                    'node';","            }","        }());","        // init global","        local.global = local.modeJs === 'browser'","            ? window","            : global;","        // init utility2_rollup","        local = local.global.utility2_rollup || (local.modeJs === 'browser'","            ? local.global.utility2_npmtest_orm","            : global.utility2_moduleExports);","        // export local","        local.global.local = local;","    }());","    switch (local.modeJs) {","","","","    // post-init","    // run browser js-env code - post-init","    /* istanbul ignore next */","    case 'browser':","        local.testRunBrowser = function (event) {","            if (!event || (event &&","                    event.currentTarget &&","                    event.currentTarget.className &&","                    event.currentTarget.className.includes &&","                    event.currentTarget.className.includes('onreset'))) {","                // reset output","                Array.from(","                    document.querySelectorAll('body > .resettable')","                ).forEach(function (element) {","                    switch (element.tagName) {","                    case 'INPUT':","                    case 'TEXTAREA':","                        element.value = '';","                        break;","                    default:","                        element.textContent = '';","                    }","                });","            }","            switch (event && event.currentTarget && event.currentTarget.id) {","            case 'testRunButton1':","                // show tests","                if (document.querySelector('#testReportDiv1').style.display === 'none') {","                    document.querySelector('#testReportDiv1').style.display = 'block';","                    document.querySelector('#testRunButton1').textContent =","                        'hide internal test';","                    local.modeTest = true;","                    local.testRunDefault(local);","                // hide tests","                } else {","                    document.querySelector('#testReportDiv1').style.display = 'none';","                    document.querySelector('#testRunButton1').textContent = 'run internal test';","                }","                break;","            // custom-case","            default:","                break;","            }","            if (document.querySelector('#inputTextareaEval1') && (!event || (event &&","                    event.currentTarget &&","                    event.currentTarget.className &&","                    event.currentTarget.className.includes &&","                    event.currentTarget.className.includes('oneval')))) {","                // try to eval input-code","                try {","                    /*jslint evil: true*/","                    eval(document.querySelector('#inputTextareaEval1').value);","                } catch (errorCaught) {","                    console.error(errorCaught.stack);","                }","            }","        };","        // log stderr and stdout to #outputTextareaStdout1","        ['error', 'log'].forEach(function (key) {","            console[key + '_original'] = console[key];","            console[key] = function () {","                var element;","                console[key + '_original'].apply(console, arguments);","                element = document.querySelector('#outputTextareaStdout1');","                if (!element) {","                    return;","                }","                // append text to #outputTextareaStdout1","                element.value += Array.from(arguments).map(function (arg) {","                    return typeof arg === 'string'","                        ? arg","                        : JSON.stringify(arg, null, 4);","                }).join(' ') + '\\n';","                // scroll textarea to bottom","                element.scrollTop = element.scrollHeight;","            };","        });","        // init event-handling","        ['change', 'click', 'keyup'].forEach(function (event) {","            Array.from(document.querySelectorAll('.on' + event)).forEach(function (element) {","                element.addEventListener(event, local.testRunBrowser);","            });","        });","        // run tests","        local.testRunBrowser();","        break;","","","","    // run node js-env code - post-init","    /* istanbul ignore next */","    case 'node':","        // export local","        module.exports = local;","        // require modules","        local.fs = require('fs');","        local.http = require('http');","        local.url = require('url');","        // init assets","        local.assetsDict = local.assetsDict || {};","        /* jslint-ignore-begin */","        local.assetsDict['/assets.index.template.html'] = '\\","<!doctype html>\\n\\","<html lang=\"en\">\\n\\","<head>\\n\\","<meta charset=\"UTF-8\">\\n\\","<meta name=\"viewport\" content=\"width=device-width, initial-scale=1\">\\n\\","<title>{{env.npm_package_name}} (v{{env.npm_package_version}})</title>\\n\\","<style>\\n\\","/*csslint\\n\\","    box-sizing: false,\\n\\","    universal-selector: false\\n\\","*/\\n\\","* {\\n\\","    box-sizing: border-box;\\n\\","}\\n\\","body {\\n\\","    background: #dde;\\n\\","    font-family: Arial, Helvetica, sans-serif;\\n\\","    margin: 2rem;\\n\\","}\\n\\","body > * {\\n\\","    margin-bottom: 1rem;\\n\\","}\\n\\",".utility2FooterDiv {\\n\\","    margin-top: 20px;\\n\\","    text-align: center;\\n\\","}\\n\\","</style>\\n\\","<style>\\n\\","/*csslint\\n\\","*/\\n\\","textarea {\\n\\","    font-family: monospace;\\n\\","    height: 10rem;\\n\\","    width: 100%;\\n\\","}\\n\\","textarea[readonly] {\\n\\","    background: #ddd;\\n\\","}\\n\\","</style>\\n\\","</head>\\n\\","<body>\\n\\","<!-- utility2-comment\\n\\","<div id=\"ajaxProgressDiv1\" style=\"background: #d00; height: 2px; left: 0; margin: 0; padding: 0; position: fixed; top: 0; transition: background 0.5s, width 1.5s; width: 25%;\"></div>\\n\\","utility2-comment -->\\n\\","<h1>\\n\\","<!-- utility2-comment\\n\\","    <a\\n\\","        {{#if env.npm_package_homepage}}\\n\\","        href=\"{{env.npm_package_homepage}}\"\\n\\","        {{/if env.npm_package_homepage}}\\n\\","        target=\"_blank\"\\n\\","    >\\n\\","utility2-comment -->\\n\\","        {{env.npm_package_name}} (v{{env.npm_package_version}})\\n\\","<!-- utility2-comment\\n\\","    </a>\\n\\","utility2-comment -->\\n\\","</h1>\\n\\","<h3>{{env.npm_package_description}}</h3>\\n\\","<!-- utility2-comment\\n\\","<h4><a download href=\"assets.app.js\">download standalone app</a></h4>\\n\\","<button class=\"onclick onreset\" id=\"testRunButton1\">run internal test</button><br>\\n\\","<div id=\"testReportDiv1\" style=\"display: none;\"></div>\\n\\","utility2-comment -->\\n\\","\\n\\","\\n\\","\\n\\","<label>stderr and stdout</label>\\n\\","<textarea class=\"resettable\" id=\"outputTextareaStdout1\" readonly></textarea>\\n\\","<!-- utility2-comment\\n\\","{{#if isRollup}}\\n\\","<script src=\"assets.app.js\"></script>\\n\\","{{#unless isRollup}}\\n\\","utility2-comment -->\\n\\","<script src=\"assets.utility2.rollup.js\"></script>\\n\\","<script src=\"jsonp.utility2._stateInit?callback=window.utility2._stateInit\"></script>\\n\\","<script src=\"assets.npmtest_orm.rollup.js\"></script>\\n\\","<script src=\"assets.example.js\"></script>\\n\\","<script src=\"assets.test.js\"></script>\\n\\","<!-- utility2-comment\\n\\","{{/if isRollup}}\\n\\","utility2-comment -->\\n\\","<div class=\"utility2FooterDiv\">\\n\\","    [ this app was created with\\n\\","    <a href=\"https://github.com/kaizhu256/node-utility2\" target=\"_blank\">utility2</a>\\n\\","    ]\\n\\","</div>\\n\\","</body>\\n\\","</html>\\n\\","';","        /* jslint-ignore-end */","        if (local.templateRender) {","            local.assetsDict['/'] = local.templateRender(","                local.assetsDict['/assets.index.template.html'],","                {","                    env: local.objectSetDefault(local.env, {","                        npm_package_description: 'the greatest app in the world!',","                        npm_package_name: 'my-app',","                        npm_package_nameAlias: 'my_app',","                        npm_package_version: '0.0.1'","                    })","                }","            );","        } else {","            local.assetsDict['/'] = local.assetsDict['/assets.index.template.html']","                .replace((/\\{\\{env\\.(\\w+?)\\}\\}/g), function (match0, match1) {","                    // jslint-hack","                    String(match0);","                    switch (match1) {","                    case 'npm_package_description':","                        return 'the greatest app in the world!';","                    case 'npm_package_name':","                        return 'my-app';","                    case 'npm_package_nameAlias':","                        return 'my_app';","                    case 'npm_package_version':","                        return '0.0.1';","                    }","                });","        }","        // run the cli","        if (local.global.utility2_rollup || module !== require.main) {","            break;","        }","        local.assetsDict['/assets.example.js'] =","            local.assetsDict['/assets.example.js'] ||","            local.fs.readFileSync(__filename, 'utf8');","        local.assetsDict['/assets.npmtest_orm.rollup.js'] =","            local.assetsDict['/assets.npmtest_orm.rollup.js'] ||","            local.fs.readFileSync(","                // buildCustomOrg-hack","                local.npmtest_orm.__dirname +","                    '/lib.npmtest_orm.js',","                'utf8'","            ).replace((/^#!/), '//');","        local.assetsDict['/favicon.ico'] = local.assetsDict['/favicon.ico'] || '';","        // if $npm_config_timeout_exit exists,","        // then exit this process after $npm_config_timeout_exit ms","        if (Number(process.env.npm_config_timeout_exit)) {","            setTimeout(process.exit, Number(process.env.npm_config_timeout_exit));","        }","        // start server","        if (local.global.utility2_serverHttp1) {","            break;","        }","        process.env.PORT = process.env.PORT || '8081';","        console.error('server starting on port ' + process.env.PORT);","        local.http.createServer(function (request, response) {","            request.urlParsed = local.url.parse(request.url);","            if (local.assetsDict[request.urlParsed.pathname] !== undefined) {","                response.end(local.assetsDict[request.urlParsed.pathname]);","                return;","            }","            response.statusCode = 404;","            response.end();","        }).listen(process.env.PORT);","        break;","    }","}());",""],"l":{"26":2,"28":2,"33":2,"35":2,"37":2,"38":2,"39":2,"44":1,"51":2,"55":2,"59":2,"61":2,"69":1,"70":2,"76":2,"79":2,"82":2,"83":2,"85":1,"89":2,"92":1,"93":1,"94":1,"96":1,"97":1,"100":1,"101":1,"103":1,"106":1,"108":2,"114":1,"116":1,"118":1,"123":1,"124":2,"125":2,"126":2,"127":2,"128":2,"129":2,"130":1,"133":2,"134":2,"139":2,"143":1,"144":3,"145":1,"149":1,"150":1,"158":1,"160":1,"161":1,"162":1,"164":1,"166":1,"258":1,"259":1,"271":1,"274":6,"275":6,"277":1,"279":2,"281":1,"283":2,"288":1,"289":1,"291":1,"294":1,"302":1,"305":1,"306":1,"309":1,"310":1,"312":1,"313":1,"314":1,"315":1,"316":1,"317":1,"318":1,"320":1,"321":1,"323":1}},"/home/travis/build/npmtest/node-npmtest-orm/orm/lib/ORM.js":{"path":"/home/travis/build/npmtest/node-npmtest-orm/orm/lib/ORM.js","s":{"1":1,"2":1,"3":1,"4":1,"5":1,"6":1,"7":1,"8":1,"9":1,"10":1,"11":1,"12":1,"13":1,"14":1,"15":1,"16":1,"17":1,"18":1,"19":1,"20":1,"21":1,"22":1,"23":1,"24":1,"25":1,"26":11,"27":1,"28":0,"29":1,"30":0,"31":0,"32":0,"33":0,"34":0,"35":0,"36":0,"37":0,"38":0,"39":0,"40":0,"41":1,"42":0,"43":0,"44":0,"45":0,"46":0,"47":0,"48":0,"49":0,"50":0,"51":0,"52":0,"53":0,"54":0,"55":0,"56":0,"57":0,"58":0,"59":0,"60":0,"61":0,"62":0,"63":0,"64":0,"65":0,"66":0,"67":0,"68":0,"69":0,"70":0,"71":0,"72":0,"73":0,"74":0,"75":0,"76":0,"77":0,"78":0,"79":0,"80":0,"81":0,"82":0,"83":0,"84":0,"85":0,"86":1,"87":1,"88":0,"89":0,"90":0,"91":0,"92":0,"93":0,"94":0,"95":0,"96":0,"97":0,"98":0,"99":0,"100":0,"101":0,"102":0,"103":0,"104":0,"105":0,"106":0,"107":0,"108":0,"109":0,"110":0,"111":1,"112":1,"113":0,"114":0,"115":0,"116":0,"117":0,"118":0,"119":0,"120":0,"121":0,"122":0,"123":1,"124":0,"125":0,"126":0,"127":0,"128":0,"129":0,"130":0,"131":0,"132":0,"133":0,"134":0,"135":1,"136":0,"137":0,"138":0,"139":1,"140":0,"141":0,"142":1,"143":0,"144":0,"145":1,"146":0,"147":0,"148":0,"149":0,"150":0,"151":0,"152":0,"153":0,"154":0,"155":0,"156":0,"157":0,"158":0,"159":0,"160":0,"161":1,"162":0,"163":0,"164":0,"165":0,"166":0,"167":0,"168":0,"169":0,"170":0,"171":0,"172":0,"173":0,"174":0,"175":0,"176":1,"177":0,"178":0,"179":0,"180":0,"181":0,"182":0,"183":0,"184":0,"185":0,"186":0,"187":0,"188":0,"189":0,"190":0,"191":1,"192":0,"193":0,"194":0,"195":0,"196":0,"197":0,"198":0,"199":0,"200":0,"201":0,"202":0,"203":0,"204":0,"205":0,"206":0,"207":1,"208":0,"209":0,"210":0,"211":0,"212":0,"213":0,"214":0,"215":1,"216":0,"217":0,"218":0,"219":0,"220":0},"b":{"1":[0,0],"2":[0,0],"3":[0,0],"4":[0,0],"5":[0,0],"6":[0,0],"7":[0,0],"8":[0,0],"9":[0,0],"10":[0,0],"11":[0,0],"12":[0,0],"13":[0,0],"14":[0,0],"15":[0,0],"16":[0,0],"17":[0,0],"18":[0,0],"19":[0,0],"20":[0,0],"21":[0,0],"22":[0,0],"23":[0,0],"24":[0,0],"25":[0,0],"26":[0,0],"27":[0,0],"28":[0,0],"29":[0,0],"30":[0,0],"31":[0,0],"32":[0,0],"33":[0,0],"34":[0,0,0],"35":[0,0],"36":[0,0],"37":[0,0],"38":[0,0],"39":[0,0],"40":[0,0],"41":[0,0],"42":[0,0],"43":[0,0],"44":[0,0],"45":[0,0],"46":[0,0],"47":[0,0],"48":[0,0],"49":[0,0],"50":[0,0],"51":[0,0],"52":[0,0],"53":[0,0],"54":[0,0],"55":[0,0],"56":[0,0],"57":[0,0],"58":[0,0],"59":[0,0],"60":[0,0,0,0]},"f":{"1":0,"2":0,"3":0,"4":0,"5":0,"6":0,"7":0,"8":0,"9":0,"10":0,"11":0,"12":0,"13":0,"14":0,"15":0,"16":0,"17":0,"18":0,"19":0,"20":0,"21":0,"22":0,"23":0,"24":0,"25":0,"26":0,"27":0,"28":0,"29":0,"30":0,"31":0,"32":0},"fnMap":{"1":{"name":"(anonymous_1)","line":38,"loc":{"start":{"line":38,"column":18},"end":{"line":38,"column":30}}},"2":{"name":"(anonymous_2)","line":42,"loc":{"start":{"line":42,"column":14},"end":{"line":42,"column":53}}},"3":{"name":"(anonymous_3)","line":65,"loc":{"start":{"line":65,"column":18},"end":{"line":65,"column":38}}},"4":{"name":"(anonymous_4)","line":128,"loc":{"start":{"line":128,"column":17},"end":{"line":128,"column":32}}},"5":{"name":"ORM","line":151,"loc":{"start":{"line":151,"column":0},"end":{"line":151,"column":44}}},"6":{"name":"(anonymous_6)","line":169,"loc":{"start":{"line":169,"column":15},"end":{"line":169,"column":30}}},"7":{"name":"(anonymous_7)","line":174,"loc":{"start":{"line":174,"column":25},"end":{"line":174,"column":37}}},"8":{"name":"(anonymous_8)","line":192,"loc":{"start":{"line":192,"column":20},"end":{"line":192,"column":50}}},"9":{"name":"(anonymous_9)","line":213,"loc":{"start":{"line":213,"column":23},"end":{"line":213,"column":57}}},"10":{"name":"(anonymous_10)","line":253,"loc":{"start":{"line":253,"column":27},"end":{"line":253,"column":49}}},"11":{"name":"(anonymous_11)","line":258,"loc":{"start":{"line":258,"column":21},"end":{"line":258,"column":35}}},"12":{"name":"(anonymous_12)","line":263,"loc":{"start":{"line":263,"column":22},"end":{"line":263,"column":36}}},"13":{"name":"(anonymous_13)","line":268,"loc":{"start":{"line":268,"column":21},"end":{"line":268,"column":33}}},"14":{"name":"(anonymous_14)","line":270,"loc":{"start":{"line":270,"column":13},"end":{"line":270,"column":25}}},"15":{"name":"(anonymous_15)","line":276,"loc":{"start":{"line":276,"column":16},"end":{"line":276,"column":28}}},"16":{"name":"(anonymous_16)","line":284,"loc":{"start":{"line":284,"column":56},"end":{"line":284,"column":71}}},"17":{"name":"(anonymous_17)","line":296,"loc":{"start":{"line":296,"column":21},"end":{"line":296,"column":35}}},"18":{"name":"(anonymous_18)","line":298,"loc":{"start":{"line":298,"column":16},"end":{"line":298,"column":28}}},"19":{"name":"(anonymous_19)","line":305,"loc":{"start":{"line":305,"column":28},"end":{"line":305,"column":43}}},"20":{"name":"(anonymous_20)","line":317,"loc":{"start":{"line":317,"column":7},"end":{"line":317,"column":19}}},"21":{"name":"(anonymous_21)","line":324,"loc":{"start":{"line":324,"column":21},"end":{"line":324,"column":35}}},"22":{"name":"(anonymous_22)","line":326,"loc":{"start":{"line":326,"column":16},"end":{"line":326,"column":28}}},"23":{"name":"(anonymous_23)","line":333,"loc":{"start":{"line":333,"column":28},"end":{"line":333,"column":43}}},"24":{"name":"(anonymous_24)","line":345,"loc":{"start":{"line":345,"column":7},"end":{"line":345,"column":19}}},"25":{"name":"(anonymous_25)","line":352,"loc":{"start":{"line":352,"column":23},"end":{"line":352,"column":35}}},"26":{"name":"(anonymous_26)","line":356,"loc":{"start":{"line":356,"column":7},"end":{"line":356,"column":21}}},"27":{"name":"(anonymous_27)","line":358,"loc":{"start":{"line":358,"column":17},"end":{"line":358,"column":29}}},"28":{"name":"(anonymous_28)","line":364,"loc":{"start":{"line":364,"column":30},"end":{"line":364,"column":56}}},"29":{"name":"ORM_Error","line":382,"loc":{"start":{"line":382,"column":0},"end":{"line":382,"column":28}}},"30":{"name":"(anonymous_30)","line":385,"loc":{"start":{"line":385,"column":62},"end":{"line":385,"column":74}}},"31":{"name":"(anonymous_31)","line":391,"loc":{"start":{"line":391,"column":18},"end":{"line":391,"column":30}}},"32":{"name":"queryParamCast","line":398,"loc":{"start":{"line":398,"column":0},"end":{"line":398,"column":30}}}},"statementMap":{"1":{"start":{"line":1,"column":0},"end":{"line":1,"column":37}},"2":{"start":{"line":2,"column":0},"end":{"line":2,"column":39}},"3":{"start":{"line":3,"column":0},"end":{"line":3,"column":36}},"4":{"start":{"line":4,"column":0},"end":{"line":4,"column":36}},"5":{"start":{"line":5,"column":0},"end":{"line":5,"column":42}},"6":{"start":{"line":6,"column":0},"end":{"line":6,"column":40}},"7":{"start":{"line":7,"column":0},"end":{"line":7,"column":39}},"8":{"start":{"line":9,"column":0},"end":{"line":9,"column":46}},"9":{"start":{"line":10,"column":0},"end":{"line":10,"column":50}},"10":{"start":{"line":11,"column":0},"end":{"line":11,"column":43}},"11":{"start":{"line":12,"column":0},"end":{"line":12,"column":43}},"12":{"start":{"line":13,"column":0},"end":{"line":13,"column":44}},"13":{"start":{"line":14,"column":0},"end":{"line":14,"column":40}},"14":{"start":{"line":15,"column":0},"end":{"line":15,"column":44}},"15":{"start":{"line":18,"column":0},"end":{"line":18,"column":45}},"16":{"start":{"line":21,"column":0},"end":{"line":21,"column":61}},"17":{"start":{"line":22,"column":0},"end":{"line":22,"column":52}},"18":{"start":{"line":24,"column":0},"end":{"line":24,"column":29}},"19":{"start":{"line":26,"column":0},"end":{"line":26,"column":31}},"20":{"start":{"line":27,"column":0},"end":{"line":27,"column":65}},"21":{"start":{"line":29,"column":0},"end":{"line":29,"column":43}},"22":{"start":{"line":30,"column":0},"end":{"line":30,"column":30}},"23":{"start":{"line":31,"column":0},"end":{"line":31,"column":36}},"24":{"start":{"line":33,"column":0},"end":{"line":33,"column":26}},"25":{"start":{"line":34,"column":0},"end":{"line":36,"column":1}},"26":{"start":{"line":35,"column":1},"end":{"line":35,"column":61}},"27":{"start":{"line":38,"column":0},"end":{"line":40,"column":2}},"28":{"start":{"line":39,"column":1},"end":{"line":39,"column":52}},"29":{"start":{"line":42,"column":0},"end":{"line":63,"column":2}},"30":{"start":{"line":43,"column":1},"end":{"line":45,"column":2}},"31":{"start":{"line":44,"column":2},"end":{"line":44,"column":31}},"32":{"start":{"line":46,"column":1},"end":{"line":49,"column":2}},"33":{"start":{"line":47,"column":2},"end":{"line":47,"column":12}},"34":{"start":{"line":48,"column":2},"end":{"line":48,"column":12}},"35":{"start":{"line":51,"column":1},"end":{"line":62,"column":2}},"36":{"start":{"line":52,"column":2},"end":{"line":52,"column":37}},"37":{"start":{"line":53,"column":2},"end":{"line":53,"column":67}},"38":{"start":{"line":54,"column":2},"end":{"line":57,"column":5}},"39":{"start":{"line":59,"column":2},"end":{"line":59,"column":52}},"40":{"start":{"line":61,"column":2},"end":{"line":61,"column":16}},"41":{"start":{"line":65,"column":0},"end":{"line":147,"column":2}},"42":{"start":{"line":66,"column":1},"end":{"line":68,"column":2}},"43":{"start":{"line":67,"column":2},"end":{"line":67,"column":79}},"44":{"start":{"line":69,"column":1},"end":{"line":76,"column":2}},"45":{"start":{"line":70,"column":2},"end":{"line":72,"column":3}},"46":{"start":{"line":71,"column":3},"end":{"line":71,"column":80}},"47":{"start":{"line":73,"column":2},"end":{"line":73,"column":31}},"48":{"start":{"line":74,"column":8},"end":{"line":76,"column":2}},"49":{"start":{"line":75,"column":2},"end":{"line":75,"column":27}},"50":{"start":{"line":78,"column":1},"end":{"line":78,"column":31}},"51":{"start":{"line":80,"column":1},"end":{"line":83,"column":2}},"52":{"start":{"line":81,"column":2},"end":{"line":81,"column":48}},"53":{"start":{"line":82,"column":2},"end":{"line":82,"column":26}},"54":{"start":{"line":85,"column":1},"end":{"line":90,"column":2}},"55":{"start":{"line":89,"column":2},"end":{"line":89,"column":65}},"56":{"start":{"line":91,"column":1},"end":{"line":93,"column":2}},"57":{"start":{"line":92,"column":2},"end":{"line":92,"column":85}},"58":{"start":{"line":97,"column":1},"end":{"line":100,"column":2}},"59":{"start":{"line":98,"column":2},"end":{"line":98,"column":38}},"60":{"start":{"line":99,"column":2},"end":{"line":99,"column":42}},"61":{"start":{"line":101,"column":1},"end":{"line":103,"column":2}},"62":{"start":{"line":102,"column":2},"end":{"line":102,"column":21}},"63":{"start":{"line":104,"column":1},"end":{"line":106,"column":2}},"64":{"start":{"line":105,"column":2},"end":{"line":105,"column":21}},"65":{"start":{"line":107,"column":1},"end":{"line":109,"column":2}},"66":{"start":{"line":108,"column":2},"end":{"line":108,"column":28}},"67":{"start":{"line":111,"column":1},"end":{"line":111,"column":46}},"68":{"start":{"line":112,"column":1},"end":{"line":112,"column":8}},"69":{"start":{"line":113,"column":1},"end":{"line":115,"column":2}},"70":{"start":{"line":114,"column":2},"end":{"line":114,"column":31}},"71":{"start":{"line":117,"column":1},"end":{"line":144,"column":2}},"72":{"start":{"line":118,"column":2},"end":{"line":118,"column":37}},"73":{"start":{"line":119,"column":2},"end":{"line":119,"column":67}},"74":{"start":{"line":120,"column":2},"end":{"line":124,"column":5}},"75":{"start":{"line":126,"column":2},"end":{"line":126,"column":40}},"76":{"start":{"line":128,"column":2},"end":{"line":138,"column":5}},"77":{"start":{"line":129,"column":3},"end":{"line":135,"column":4}},"78":{"start":{"line":130,"column":4},"end":{"line":134,"column":5}},"79":{"start":{"line":131,"column":5},"end":{"line":131,"column":20}},"80":{"start":{"line":133,"column":5},"end":{"line":133,"column":25}},"81":{"start":{"line":137,"column":3},"end":{"line":137,"column":45}},"82":{"start":{"line":140,"column":2},"end":{"line":142,"column":3}},"83":{"start":{"line":141,"column":3},"end":{"line":141,"column":149}},"84":{"start":{"line":143,"column":2},"end":{"line":143,"column":27}},"85":{"start":{"line":146,"column":1},"end":{"line":146,"column":11}},"86":{"start":{"line":149,"column":0},"end":{"line":149,"column":34}},"87":{"start":{"line":151,"column":0},"end":{"line":188,"column":1}},"88":{"start":{"line":152,"column":1},"end":{"line":152,"column":39}},"89":{"start":{"line":153,"column":1},"end":{"line":153,"column":36}},"90":{"start":{"line":154,"column":1},"end":{"line":154,"column":29}},"91":{"start":{"line":155,"column":1},"end":{"line":155,"column":32}},"92":{"start":{"line":156,"column":1},"end":{"line":156,"column":27}},"93":{"start":{"line":157,"column":1},"end":{"line":157,"column":26}},"94":{"start":{"line":158,"column":1},"end":{"line":158,"column":23}},"95":{"start":{"line":159,"column":1},"end":{"line":159,"column":23}},"96":{"start":{"line":160,"column":1},"end":{"line":160,"column":23}},"97":{"start":{"line":161,"column":1},"end":{"line":161,"column":23}},"98":{"start":{"line":163,"column":1},"end":{"line":165,"column":2}},"99":{"start":{"line":164,"column":2},"end":{"line":164,"column":65}},"100":{"start":{"line":167,"column":1},"end":{"line":167,"column":32}},"101":{"start":{"line":169,"column":1},"end":{"line":185,"column":14}},"102":{"start":{"line":170,"column":2},"end":{"line":183,"column":3}},"103":{"start":{"line":171,"column":3},"end":{"line":173,"column":4}},"104":{"start":{"line":172,"column":4},"end":{"line":172,"column":121}},"105":{"start":{"line":174,"column":3},"end":{"line":176,"column":17}},"106":{"start":{"line":175,"column":4},"end":{"line":175,"column":37}},"107":{"start":{"line":178,"column":3},"end":{"line":182,"column":4}},"108":{"start":{"line":181,"column":4},"end":{"line":181,"column":11}},"109":{"start":{"line":184,"column":2},"end":{"line":184,"column":26}},"110":{"start":{"line":187,"column":1},"end":{"line":187,"column":29}},"111":{"start":{"line":190,"column":0},"end":{"line":190,"column":40}},"112":{"start":{"line":192,"column":0},"end":{"line":212,"column":2}},"113":{"start":{"line":193,"column":1},"end":{"line":199,"column":2}},"114":{"start":{"line":194,"column":2},"end":{"line":198,"column":3}},"115":{"start":{"line":195,"column":3},"end":{"line":195,"column":63}},"116":{"start":{"line":197,"column":3},"end":{"line":197,"column":11}},"117":{"start":{"line":201,"column":1},"end":{"line":201,"column":49}},"118":{"start":{"line":203,"column":1},"end":{"line":207,"column":2}},"119":{"start":{"line":204,"column":2},"end":{"line":206,"column":3}},"120":{"start":{"line":205,"column":3},"end":{"line":205,"column":33}},"121":{"start":{"line":209,"column":1},"end":{"line":209,"column":27}},"122":{"start":{"line":211,"column":1},"end":{"line":211,"column":13}},"123":{"start":{"line":213,"column":0},"end":{"line":252,"column":2}},"124":{"start":{"line":214,"column":4},"end":{"line":214,"column":10}},"125":{"start":{"line":216,"column":1},"end":{"line":216,"column":31}},"126":{"start":{"line":217,"column":1},"end":{"line":217,"column":25}},"127":{"start":{"line":219,"column":1},"end":{"line":223,"column":2}},"128":{"start":{"line":220,"column":2},"end":{"line":222,"column":3}},"129":{"start":{"line":221,"column":3},"end":{"line":221,"column":56}},"130":{"start":{"line":225,"column":1},"end":{"line":243,"column":4}},"131":{"start":{"line":245,"column":1},"end":{"line":249,"column":2}},"132":{"start":{"line":246,"column":2},"end":{"line":248,"column":3}},"133":{"start":{"line":247,"column":3},"end":{"line":247,"column":51}},"134":{"start":{"line":251,"column":1},"end":{"line":251,"column":26}},"135":{"start":{"line":253,"column":0},"end":{"line":257,"column":2}},"136":{"start":{"line":254,"column":1},"end":{"line":254,"column":31}},"137":{"start":{"line":255,"column":1},"end":{"line":255,"column":38}},"138":{"start":{"line":256,"column":1},"end":{"line":256,"column":13}},"139":{"start":{"line":258,"column":0},"end":{"line":262,"column":2}},"140":{"start":{"line":259,"column":1},"end":{"line":259,"column":22}},"141":{"start":{"line":261,"column":1},"end":{"line":261,"column":13}},"142":{"start":{"line":263,"column":0},"end":{"line":267,"column":2}},"143":{"start":{"line":264,"column":1},"end":{"line":264,"column":23}},"144":{"start":{"line":266,"column":1},"end":{"line":266,"column":13}},"145":{"start":{"line":268,"column":0},"end":{"line":295,"column":2}},"146":{"start":{"line":269,"column":1},"end":{"line":269,"column":63}},"147":{"start":{"line":270,"column":1},"end":{"line":270,"column":28}},"148":{"start":{"line":272,"column":1},"end":{"line":274,"column":2}},"149":{"start":{"line":273,"column":2},"end":{"line":273,"column":19}},"150":{"start":{"line":276,"column":1},"end":{"line":292,"column":14}},"151":{"start":{"line":277,"column":2},"end":{"line":279,"column":3}},"152":{"start":{"line":278,"column":3},"end":{"line":278,"column":15}},"153":{"start":{"line":281,"column":2},"end":{"line":281,"column":27}},"154":{"start":{"line":283,"column":2},"end":{"line":291,"column":3}},"155":{"start":{"line":284,"column":3},"end":{"line":288,"column":6}},"156":{"start":{"line":285,"column":4},"end":{"line":285,"column":28}},"157":{"start":{"line":285,"column":13},"end":{"line":285,"column":28}},"158":{"start":{"line":287,"column":4},"end":{"line":287,"column":22}},"159":{"start":{"line":290,"column":3},"end":{"line":290,"column":17}},"160":{"start":{"line":294,"column":1},"end":{"line":294,"column":19}},"161":{"start":{"line":296,"column":0},"end":{"line":323,"column":2}},"162":{"start":{"line":297,"column":1},"end":{"line":297,"column":41}},"163":{"start":{"line":298,"column":1},"end":{"line":314,"column":14}},"164":{"start":{"line":299,"column":2},"end":{"line":301,"column":3}},"165":{"start":{"line":300,"column":3},"end":{"line":300,"column":15}},"166":{"start":{"line":303,"column":2},"end":{"line":303,"column":33}},"167":{"start":{"line":305,"column":2},"end":{"line":313,"column":5}},"168":{"start":{"line":306,"column":3},"end":{"line":310,"column":4}},"169":{"start":{"line":307,"column":4},"end":{"line":307,"column":24}},"170":{"start":{"line":309,"column":4},"end":{"line":309,"column":19}},"171":{"start":{"line":312,"column":3},"end":{"line":312,"column":21}},"172":{"start":{"line":316,"column":1},"end":{"line":318,"column":2}},"173":{"start":{"line":317,"column":2},"end":{"line":317,"column":22}},"174":{"start":{"line":320,"column":1},"end":{"line":320,"column":12}},"175":{"start":{"line":322,"column":1},"end":{"line":322,"column":13}},"176":{"start":{"line":324,"column":0},"end":{"line":351,"column":2}},"177":{"start":{"line":325,"column":1},"end":{"line":325,"column":41}},"178":{"start":{"line":326,"column":1},"end":{"line":342,"column":14}},"179":{"start":{"line":327,"column":2},"end":{"line":329,"column":3}},"180":{"start":{"line":328,"column":3},"end":{"line":328,"column":15}},"181":{"start":{"line":331,"column":2},"end":{"line":331,"column":33}},"182":{"start":{"line":333,"column":2},"end":{"line":341,"column":5}},"183":{"start":{"line":334,"column":3},"end":{"line":338,"column":4}},"184":{"start":{"line":335,"column":4},"end":{"line":335,"column":24}},"185":{"start":{"line":337,"column":4},"end":{"line":337,"column":19}},"186":{"start":{"line":340,"column":3},"end":{"line":340,"column":21}},"187":{"start":{"line":344,"column":1},"end":{"line":346,"column":2}},"188":{"start":{"line":345,"column":2},"end":{"line":345,"column":22}},"189":{"start":{"line":348,"column":1},"end":{"line":348,"column":12}},"190":{"start":{"line":350,"column":1},"end":{"line":350,"column":13}},"191":{"start":{"line":352,"column":0},"end":{"line":380,"column":2}},"192":{"start":{"line":353,"column":1},"end":{"line":353,"column":53}},"193":{"start":{"line":355,"column":1},"end":{"line":379,"column":3}},"194":{"start":{"line":357,"column":3},"end":{"line":357,"column":19}},"195":{"start":{"line":358,"column":3},"end":{"line":373,"column":5}},"196":{"start":{"line":359,"column":4},"end":{"line":362,"column":5}},"197":{"start":{"line":360,"column":5},"end":{"line":360,"column":26}},"198":{"start":{"line":361,"column":5},"end":{"line":361,"column":35}},"199":{"start":{"line":364,"column":4},"end":{"line":372,"column":7}},"200":{"start":{"line":365,"column":5},"end":{"line":368,"column":6}},"201":{"start":{"line":366,"column":6},"end":{"line":366,"column":26}},"202":{"start":{"line":367,"column":6},"end":{"line":367,"column":36}},"203":{"start":{"line":370,"column":5},"end":{"line":370,"column":28}},"204":{"start":{"line":371,"column":5},"end":{"line":371,"column":22}},"205":{"start":{"line":375,"column":3},"end":{"line":375,"column":13}},"206":{"start":{"line":377,"column":3},"end":{"line":377,"column":15}},"207":{"start":{"line":382,"column":0},"end":{"line":396,"column":1}},"208":{"start":{"line":383,"column":1},"end":{"line":383,"column":41}},"209":{"start":{"line":385,"column":1},"end":{"line":385,"column":77}},"210":{"start":{"line":387,"column":1},"end":{"line":389,"column":2}},"211":{"start":{"line":388,"column":2},"end":{"line":388,"column":10}},"212":{"start":{"line":391,"column":1},"end":{"line":393,"column":4}},"213":{"start":{"line":392,"column":2},"end":{"line":392,"column":31}},"214":{"start":{"line":395,"column":1},"end":{"line":395,"column":16}},"215":{"start":{"line":398,"column":0},"end":{"line":410,"column":1}},"216":{"start":{"line":399,"column":1},"end":{"line":408,"column":2}},"217":{"start":{"line":400,"column":2},"end":{"line":407,"column":3}},"218":{"start":{"line":403,"column":4},"end":{"line":403,"column":16}},"219":{"start":{"line":406,"column":4},"end":{"line":406,"column":17}},"220":{"start":{"line":409,"column":1},"end":{"line":409,"column":12}}},"branchMap":{"1":{"line":43,"type":"if","locations":[{"start":{"line":43,"column":1},"end":{"line":43,"column":1}},{"start":{"line":43,"column":1},"end":{"line":43,"column":1}}]},"2":{"line":46,"type":"if","locations":[{"start":{"line":46,"column":1},"end":{"line":46,"column":1}},{"start":{"line":46,"column":1},"end":{"line":46,"column":1}}]},"3":{"line":55,"type":"binary-expr","locations":[{"start":{"line":55,"column":15},"end":{"line":55,"column":25}},{"start":{"line":55,"column":29},"end":{"line":55,"column":56}}]},"4":{"line":66,"type":"if","locations":[{"start":{"line":66,"column":1},"end":{"line":66,"column":1}},{"start":{"line":66,"column":1},"end":{"line":66,"column":1}}]},"5":{"line":66,"type":"binary-expr","locations":[{"start":{"line":66,"column":5},"end":{"line":66,"column":27}},{"start":{"line":66,"column":31},"end":{"line":66,"column":36}}]},"6":{"line":69,"type":"if","locations":[{"start":{"line":69,"column":1},"end":{"line":69,"column":1}},{"start":{"line":69,"column":1},"end":{"line":69,"column":1}}]},"7":{"line":70,"type":"if","locations":[{"start":{"line":70,"column":2},"end":{"line":70,"column":2}},{"start":{"line":70,"column":2},"end":{"line":70,"column":2}}]},"8":{"line":74,"type":"if","locations":[{"start":{"line":74,"column":8},"end":{"line":74,"column":8}},{"start":{"line":74,"column":8},"end":{"line":74,"column":8}}]},"9":{"line":78,"type":"binary-expr","locations":[{"start":{"line":78,"column":14},"end":{"line":78,"column":24}},{"start":{"line":78,"column":28},"end":{"line":78,"column":30}}]},"10":{"line":85,"type":"if","locations":[{"start":{"line":85,"column":1},"end":{"line":85,"column":1}},{"start":{"line":85,"column":1},"end":{"line":85,"column":1}}]},"11":{"line":89,"type":"cond-expr","locations":[{"start":{"line":89,"column":35},"end":{"line":89,"column":58}},{"start":{"line":89,"column":61},"end":{"line":89,"column":63}}]},"12":{"line":91,"type":"if","locations":[{"start":{"line":91,"column":1},"end":{"line":91,"column":1}},{"start":{"line":91,"column":1},"end":{"line":91,"column":1}}]},"13":{"line":97,"type":"if","locations":[{"start":{"line":97,"column":1},"end":{"line":97,"column":1}},{"start":{"line":97,"column":1},"end":{"line":97,"column":1}}]},"14":{"line":101,"type":"if","locations":[{"start":{"line":101,"column":1},"end":{"line":101,"column":1}},{"start":{"line":101,"column":1},"end":{"line":101,"column":1}}]},"15":{"line":104,"type":"if","locations":[{"start":{"line":104,"column":1},"end":{"line":104,"column":1}},{"start":{"line":104,"column":1},"end":{"line":104,"column":1}}]},"16":{"line":107,"type":"if","locations":[{"start":{"line":107,"column":1},"end":{"line":107,"column":1}},{"start":{"line":107,"column":1},"end":{"line":107,"column":1}}]},"17":{"line":113,"type":"if","locations":[{"start":{"line":113,"column":1},"end":{"line":113,"column":1}},{"start":{"line":113,"column":1},"end":{"line":113,"column":1}}]},"18":{"line":121,"type":"cond-expr","locations":[{"start":{"line":121,"column":38},"end":{"line":121,"column":54}},{"start":{"line":121,"column":57},"end":{"line":121,"column":89}}]},"19":{"line":122,"type":"cond-expr","locations":[{"start":{"line":122,"column":38},"end":{"line":122,"column":53}},{"start":{"line":122,"column":57},"end":{"line":122,"column":88}}]},"20":{"line":129,"type":"if","locations":[{"start":{"line":129,"column":3},"end":{"line":129,"column":3}},{"start":{"line":129,"column":3},"end":{"line":129,"column":3}}]},"21":{"line":130,"type":"if","locations":[{"start":{"line":130,"column":4},"end":{"line":130,"column":4}},{"start":{"line":130,"column":4},"end":{"line":130,"column":4}}]},"22":{"line":137,"type":"cond-expr","locations":[{"start":{"line":137,"column":34},"end":{"line":137,"column":36}},{"start":{"line":137,"column":39},"end":{"line":137,"column":43}}]},"23":{"line":140,"type":"if","locations":[{"start":{"line":140,"column":2},"end":{"line":140,"column":2}},{"start":{"line":140,"column":2},"end":{"line":140,"column":2}}]},"24":{"line":140,"type":"binary-expr","locations":[{"start":{"line":140,"column":6},"end":{"line":140,"column":36}},{"start":{"line":140,"column":40},"end":{"line":140,"column":78}}]},"25":{"line":170,"type":"if","locations":[{"start":{"line":170,"column":2},"end":{"line":170,"column":2}},{"start":{"line":170,"column":2},"end":{"line":170,"column":2}}]},"26":{"line":171,"type":"if","locations":[{"start":{"line":171,"column":3},"end":{"line":171,"column":3}},{"start":{"line":171,"column":3},"end":{"line":171,"column":3}}]},"27":{"line":178,"type":"if","locations":[{"start":{"line":178,"column":3},"end":{"line":178,"column":3}},{"start":{"line":178,"column":3},"end":{"line":178,"column":3}}]},"28":{"line":193,"type":"if","locations":[{"start":{"line":193,"column":1},"end":{"line":193,"column":1}},{"start":{"line":193,"column":1},"end":{"line":193,"column":1}}]},"29":{"line":201,"type":"binary-expr","locations":[{"start":{"line":201,"column":37},"end":{"line":201,"column":41}},{"start":{"line":201,"column":45},"end":{"line":201,"column":47}}]},"30":{"line":203,"type":"if","locations":[{"start":{"line":203,"column":1},"end":{"line":203,"column":1}},{"start":{"line":203,"column":1},"end":{"line":203,"column":1}}]},"31":{"line":216,"type":"binary-expr","locations":[{"start":{"line":216,"column":14},"end":{"line":216,"column":24}},{"start":{"line":216,"column":28},"end":{"line":216,"column":30}}]},"32":{"line":217,"type":"binary-expr","locations":[{"start":{"line":217,"column":14},"end":{"line":217,"column":18}},{"start":{"line":217,"column":22},"end":{"line":217,"column":24}}]},"33":{"line":220,"type":"if","locations":[{"start":{"line":220,"column":2},"end":{"line":220,"column":2}},{"start":{"line":220,"column":2},"end":{"line":220,"column":2}}]},"34":{"line":230,"type":"binary-expr","locations":[{"start":{"line":230,"column":19},"end":{"line":230,"column":29}},{"start":{"line":230,"column":33},"end":{"line":230,"column":48}},{"start":{"line":230,"column":53},"end":{"line":230,"column":105}}]},"35":{"line":230,"type":"binary-expr","locations":[{"start":{"line":230,"column":54},"end":{"line":230,"column":91}},{"start":{"line":230,"column":95},"end":{"line":230,"column":97}}]},"36":{"line":232,"type":"binary-expr","locations":[{"start":{"line":232,"column":19},"end":{"line":232,"column":33}},{"start":{"line":232,"column":37},"end":{"line":232,"column":42}}]},"37":{"line":233,"type":"binary-expr","locations":[{"start":{"line":233,"column":19},"end":{"line":233,"column":31}},{"start":{"line":233,"column":35},"end":{"line":233,"column":37}}]},"38":{"line":234,"type":"cond-expr","locations":[{"start":{"line":234,"column":63},"end":{"line":234,"column":81}},{"start":{"line":234,"column":84},"end":{"line":234,"column":127}}]},"39":{"line":236,"type":"cond-expr","locations":[{"start":{"line":236,"column":53},"end":{"line":236,"column":66}},{"start":{"line":236,"column":69},"end":{"line":236,"column":107}}]},"40":{"line":237,"type":"cond-expr","locations":[{"start":{"line":237,"column":54},"end":{"line":237,"column":68}},{"start":{"line":237,"column":71},"end":{"line":237,"column":110}}]},"41":{"line":238,"type":"binary-expr","locations":[{"start":{"line":238,"column":19},"end":{"line":238,"column":38}},{"start":{"line":238,"column":42},"end":{"line":238,"column":86}}]},"42":{"line":239,"type":"cond-expr","locations":[{"start":{"line":239,"column":58},"end":{"line":239,"column":76}},{"start":{"line":239,"column":79},"end":{"line":239,"column":122}}]},"43":{"line":240,"type":"binary-expr","locations":[{"start":{"line":240,"column":19},"end":{"line":240,"column":29}},{"start":{"line":240,"column":33},"end":{"line":240,"column":35}}]},"44":{"line":241,"type":"binary-expr","locations":[{"start":{"line":241,"column":19},"end":{"line":241,"column":31}},{"start":{"line":241,"column":35},"end":{"line":241,"column":37}}]},"45":{"line":242,"type":"binary-expr","locations":[{"start":{"line":242,"column":19},"end":{"line":242,"column":35}},{"start":{"line":242,"column":39},"end":{"line":242,"column":41}}]},"46":{"line":246,"type":"if","locations":[{"start":{"line":246,"column":2},"end":{"line":246,"column":2}},{"start":{"line":246,"column":2},"end":{"line":246,"column":2}}]},"47":{"line":272,"type":"if","locations":[{"start":{"line":272,"column":1},"end":{"line":272,"column":1}},{"start":{"line":272,"column":1},"end":{"line":272,"column":1}}]},"48":{"line":277,"type":"if","locations":[{"start":{"line":277,"column":2},"end":{"line":277,"column":2}},{"start":{"line":277,"column":2},"end":{"line":277,"column":2}}]},"49":{"line":285,"type":"if","locations":[{"start":{"line":285,"column":4},"end":{"line":285,"column":4}},{"start":{"line":285,"column":4},"end":{"line":285,"column":4}}]},"50":{"line":299,"type":"if","locations":[{"start":{"line":299,"column":2},"end":{"line":299,"column":2}},{"start":{"line":299,"column":2},"end":{"line":299,"column":2}}]},"51":{"line":306,"type":"if","locations":[{"start":{"line":306,"column":3},"end":{"line":306,"column":3}},{"start":{"line":306,"column":3},"end":{"line":306,"column":3}}]},"52":{"line":316,"type":"if","locations":[{"start":{"line":316,"column":1},"end":{"line":316,"column":1}},{"start":{"line":316,"column":1},"end":{"line":316,"column":1}}]},"53":{"line":327,"type":"if","locations":[{"start":{"line":327,"column":2},"end":{"line":327,"co
[...]
2":0,"134":0,"136":0,"140":0,"142":0,"143":0,"144":0,"147":0,"148":0,"149":0,"152":0,"154":0,"155":0,"158":0,"159":0,"162":0,"165":0,"169":0,"171":0,"172":0,"174":0,"175":0,"177":0,"178":0,"181":0,"182":0,"183":0,"186":0,"188":0,"189":0,"190":0,"191":0,"192":0,"197":0,"198":0,"202":0,"208":1,"209":0,"210":0,"213":0,"214":0,"217":0,"218":0,"221":0,"222":0,"223":0,"224":0,"227":0,"230":0,"234":1,"235":0}},"/home/travis/build/npmtest/node-npmtest-orm/orm/lib/Singleton.js":{"path":"/home/travis/build/npmtest/node-npmtest-orm/orm/lib/Singleton.js","s":{"1":1,"2":1,"3":0,"4":0,"5":0,"6":0,"7":1,"8":0,"9":0,"10":0,"11":0,"12":0,"13":0,"14":0,"15":0,"16":0,"17":0,"18":0,"19":0,"20":0},"b":{"1":[0,0],"2":[0,0],"3":[0,0],"4":[0,0],"5":[0,0],"6":[0,0,0,0],"7":[0,0],"8":[0,0],"9":[0,0],"10":[0,0],"11":[0,0]},"f":{"1":0,"2":0,"3":0},"fnMap":{"1":{"name":"(anonymous_1)","line":3,"loc":{"start":{"line":3,"column":16},"end":{"line":3,"column":31}}},"2":{"name":"(anonymous_2)","line":12,"loc":{"start":{"line":12,"column":14},"end":{"line":12,"column":55}}},"3":{"name":"(anonymous_3)","line":27,"loc":{"start":{"line":27,"column":10},"end":{"line":27,"column":32}}}},"statementMap":{"1":{"start":{"line":1,"column":0},"end":{"line":1,"column":13}},"2":{"start":{"line":3,"column":0},"end":{"line":10,"column":2}},"3":{"start":{"line":4,"column":1},"end":{"line":8,"column":2}},"4":{"start":{"line":5,"column":2},"end":{"line":5,"column":18}},"5":{"start":{"line":7,"column":2},"end":{"line":7,"column":11}},"6":{"start":{"line":9,"column":1},"end":{"line":9,"column":13}},"7":{"start":{"line":12,"column":0},"end":{"line":36,"column":2}},"8":{"start":{"line":13,"column":1},"end":{"line":15,"column":2}},"9":{"start":{"line":14,"column":2},"end":{"line":14,"column":28}},"10":{"start":{"line":16,"column":1},"end":{"line":25,"column":2}},"11":{"start":{"line":17,"column":2},"end":{"line":24,"column":3}},"12":{"start":{"line":19,"column":3},"end":{"line":19,"column":29}},"13":{"start":{"line":20,"column":9},"end":{"line":24,"column":3}},"14":{"start":{"line":21,"column":3},"end":{"line":21,"column":19}},"15":{"start":{"line":23,"column":3},"end":{"line":23,"column":37}},"16":{"start":{"line":27,"column":1},"end":{"line":35,"column":4}},"17":{"start":{"line":28,"column":2},"end":{"line":28,"column":32}},"18":{"start":{"line":28,"column":11},"end":{"line":28,"column":32}},"19":{"start":{"line":30,"column":2},"end":{"line":33,"column":4}},"20":{"start":{"line":34,"column":2},"end":{"line":34,"column":36}}},"branchMap":{"1":{"line":4,"type":"if","locations":[{"start":{"line":4,"column":1},"end":{"line":4,"column":1}},{"start":{"line":4,"column":1},"end":{"line":4,"column":1}}]},"2":{"line":13,"type":"if","locations":[{"start":{"line":13,"column":1},"end":{"line":13,"column":1}},{"start":{"line":13,"column":1},"end":{"line":13,"column":1}}]},"3":{"line":13,"type":"binary-expr","locations":[{"start":{"line":13,"column":5},"end":{"line":13,"column":9}},{"start":{"line":13,"column":13},"end":{"line":13,"column":41}}]},"4":{"line":16,"type":"if","locations":[{"start":{"line":16,"column":1},"end":{"line":16,"column":1}},{"start":{"line":16,"column":1},"end":{"line":16,"column":1}}]},"5":{"line":17,"type":"if","locations":[{"start":{"line":17,"column":2},"end":{"line":17,"column":2}},{"start":{"line":17,"column":2},"end":{"line":17,"column":2}}]},"6":{"line":17,"type":"binary-expr","locations":[{"start":{"line":17,"column":6},"end":{"line":17,"column":10}},{"start":{"line":17,"column":14},"end":{"line":17,"column":28}},{"start":{"line":17,"column":32},"end":{"line":17,"column":70}},{"start":{"line":17,"column":74},"end":{"line":17,"column":93}}]},"7":{"line":20,"type":"if","locations":[{"start":{"line":20,"column":9},"end":{"line":20,"column":9}},{"start":{"line":20,"column":9},"end":{"line":20,"column":9}}]},"8":{"line":20,"type":"binary-expr","locations":[{"start":{"line":20,"column":13},"end":{"line":20,"column":32}},{"start":{"line":20,"column":36},"end":{"line":20,"column":60}}]},"9":{"line":28,"type":"if","locations":[{"start":{"line":28,"column":2},"end":{"line":28,"column":2}},{"start":{"line":28,"column":2},"end":{"line":28,"column":2}}]},"10":{"line":32,"type":"cond-expr","locations":[{"start":{"line":32,"column":57},"end":{"line":32,"column":97}},{"start":{"line":32,"column":100},"end":{"line":32,"column":104}}]},"11":{"line":32,"type":"binary-expr","locations":[{"start":{"line":32,"column":8},"end":{"line":32,"column":12}},{"start":{"line":32,"column":16},"end":{"line":32,"column":54}}]}},"code":["var map = {};","","exports.clear = function (key) {","\tif (typeof key === \"string\") {","\t\tdelete map[key];","\t} else {","\t\tmap = {};","\t}","\treturn this;","};","","exports.get = function (key, opts, createCb, returnCb) {","\tif (opts && opts.identityCache === false) {","\t\treturn createCb(returnCb);","\t}","\tif (map.hasOwnProperty(key)) {","\t\tif (opts && opts.saveCheck && typeof map[key].o.saved === \"function\" && !map[key].o.saved()) {","\t\t\t// if not saved, don't return it, fetch original from db","\t\t\treturn createCb(returnCb);","\t\t} else if (map[key].t !== null && map[key].t <= Date.now()) {","\t\t\tdelete map[key];","\t\t} else  {","\t\t\treturn returnCb(null, map[key].o);","\t\t}","\t}","","\tcreateCb(function (err, value) {","\t\tif (err) return returnCb(err);","","\t\tmap[key] = { // object , timeout","\t\t\to : value,","\t\t\tt : (opts && typeof opts.identityCache === \"number\" ? Date.now() + (opts.identityCache * 1000) : null)","\t\t};","\t\treturn returnCb(null, map[key].o);","\t});","};",""],"l":{"1":1,"3":1,"4":0,"5":0,"7":0,"9":0,"12":1,"13":0,"14":0,"16":0,"17":0,"19":0,"20":0,"21":0,"23":0,"27":0,"28":0,"30":0,"34":0}},"/home/travis/build/npmtest/node-npmtest-orm/orm/lib/Validators.js":{"path":"/home/travis/build/npmtest/node-npmtest-orm/orm/lib/Validators.js","s":{"1":1,"2":1,"3":1,"4":1,"5":0,"6":0,"7":0,"8":0,"9":1,"10":0,"11":0,"12":0,"13":0,"14":0,"15":0,"16":0,"17":0,"18":0,"19":0,"20":0,"21":0,"22":0,"23":0,"24":0,"25":0,"26":0,"27":0,"28":0,"29":0,"30":0,"31":0,"32":0,"33":0,"34":0,"35":0,"36":0,"37":0,"38":0,"39":0,"40":0,"41":0,"42":0,"43":0,"44":0,"45":0,"46":0,"47":0,"48":0,"49":1},"b":{"1":[0,0],"2":[0,0],"3":[0,0],"4":[0,0],"5":[0,0],"6":[0,0],"7":[0,0],"8":[0,0],"9":[0,0,0],"10":[0,0],"11":[0,0],"12":[0,0],"13":[0,0],"14":[0,0],"15":[0,0],"16":[0,0],"17":[0,0],"18":[0,0]},"f":{"1":0,"2":0,"3":0,"4":0,"5":0,"6":0},"fnMap":{"1":{"name":"(anonymous_1)","line":25,"loc":{"start":{"line":25,"column":29},"end":{"line":25,"column":50}}},"2":{"name":"(anonymous_2)","line":26,"loc":{"start":{"line":26,"column":8},"end":{"line":26,"column":27}}},"3":{"name":"(anonymous_3)","line":48,"loc":{"start":{"line":48,"column":20},"end":{"line":48,"column":32}}},"4":{"name":"(anonymous_4)","line":61,"loc":{"start":{"line":61,"column":8},"end":{"line":61,"column":32}}},"5":{"name":"(anonymous_5)","line":75,"loc":{"start":{"line":75,"column":19},"end":{"line":75,"column":42}}},"6":{"name":"(anonymous_6)","line":90,"loc":{"start":{"line":90,"column":16},"end":{"line":90,"column":40}}}},"statementMap":{"1":{"start":{"line":1,"column":0},"end":{"line":1,"column":33}},"2":{"start":{"line":2,"column":0},"end":{"line":2,"column":30}},"3":{"start":{"line":4,"column":0},"end":{"line":17,"column":2}},"4":{"start":{"line":25,"column":0},"end":{"line":32,"column":2}},"5":{"start":{"line":26,"column":1},"end":{"line":31,"column":3}},"6":{"start":{"line":27,"column":2},"end":{"line":29,"column":3}},"7":{"start":{"line":28,"column":3},"end":{"line":28,"column":17}},"8":{"start":{"line":30,"column":2},"end":{"line":30,"column":46}},"9":{"start":{"line":48,"column":0},"end":{"line":120,"column":2}},"10":{"start":{"line":49,"column":1},"end":{"line":49,"column":12}},"11":{"start":{"line":50,"column":1},"end":{"line":50,"column":27}},"12":{"start":{"line":52,"column":1},"end":{"line":59,"column":2}},"13":{"start":{"line":53,"column":2},"end":{"line":53,"column":21}},"14":{"start":{"line":54,"column":2},"end":{"line":58,"column":3}},"15":{"start":{"line":55,"column":3},"end":{"line":55,"column":13}},"16":{"start":{"line":56,"column":9},"end":{"line":58,"column":3}},"17":{"start":{"line":57,"column":3},"end":{"line":57,"column":14}},"18":{"start":{"line":61,"column":1},"end":{"line":119,"column":3}},"19":{"start":{"line":62,"column":2},"end":{"line":62,"column":19}},"20":{"start":{"line":64,"column":2},"end":{"line":66,"column":3}},"21":{"start":{"line":65,"column":3},"end":{"line":65,"column":17}},"22":{"start":{"line":69,"column":2},"end":{"line":71,"column":3}},"23":{"start":{"line":70,"column":3},"end":{"line":70,"column":32}},"24":{"start":{"line":73,"column":2},"end":{"line":73,"column":31}},"25":{"start":{"line":75,"column":2},"end":{"line":88,"column":4}},"26":{"start":{"line":76,"column":3},"end":{"line":76,"column":20}},"27":{"start":{"line":78,"column":3},"end":{"line":87,"column":4}},"28":{"start":{"line":79,"column":4},"end":{"line":81,"column":6}},"29":{"start":{"line":82,"column":4},"end":{"line":82,"column":32}},"30":{"start":{"line":84,"column":4},"end":{"line":84,"column":15}},"31":{"start":{"line":85,"column":4},"end":{"line":85,"column":24}},"32":{"start":{"line":86,"column":4},"end":{"line":86,"column":23}},"33":{"start":{"line":90,"column":2},"end":{"line":101,"column":15}},"34":{"start":{"line":91,"column":3},"end":{"line":93,"column":4}},"35":{"start":{"line":92,"column":4},"end":{"line":92,"column":18}},"36":{"start":{"line":94,"column":3},"end":{"line":96,"column":4}},"37":{"start":{"line":95,"column":4},"end":{"line":95,"column":18}},"38":{"start":{"line":97,"column":3},"end":{"line":99,"column":4}},"39":{"start":{"line":98,"column":4},"end":{"line":98,"column":18}},"40":{"start":{"line":100,"column":3},"end":{"line":100,"column":36}},"41":{"start":{"line":103,"column":2},"end":{"line":103,"column":30}},"42":{"start":{"line":105,"column":2},"end":{"line":116,"column":3}},"43":{"start":{"line":106,"column":3},"end":{"line":115,"column":4}},"44":{"start":{"line":107,"column":4},"end":{"line":107,"column":30}},"45":{"start":{"line":110,"column":4},"end":{"line":112,"column":5}},"46":{"start":{"line":111,"column":5},"end":{"line":111,"column":19}},"47":{"start":{"line":114,"column":4},"end":{"line":114,"column":51}},"48":{"start":{"line":118,"column":2},"end":{"line":118,"column":21}},"49":{"start":{"line":122,"column":0},"end":{"line":122,"column":28}}},"branchMap":{"1":{"line":27,"type":"if","locations":[{"start":{"line":27,"column":2},"end":{"line":27,"column":2}},{"start":{"line":27,"column":2},"end":{"line":27,"column":2}}]},"2":{"line":30,"type":"binary-expr","locations":[{"start":{"line":30,"column":14},"end":{"line":30,"column":17}},{"start":{"line":30,"column":21},"end":{"line":30,"column":44}}]},"3":{"line":54,"type":"if","locations":[{"start":{"line":54,"column":2},"end":{"line":54,"column":2}},{"start":{"line":54,"column":2},"end":{"line":54,"column":2}}]},"4":{"line":56,"type":"if","locations":[{"start":{"line":56,"column":9},"end":{"line":56,"column":9}},{"start":{"line":56,"column":9},"end":{"line":56,"column":9}}]},"5":{"line":64,"type":"if","locations":[{"start":{"line":64,"column":2},"end":{"line":64,"column":2}},{"start":{"line":64,"column":2},"end":{"line":64,"column":2}}]},"6":{"line":64,"type":"binary-expr","locations":[{"start":{"line":64,"column":6},"end":{"line":64,"column":30}},{"start":{"line":64,"column":34},"end":{"line":64,"column":44}}]},"7":{"line":69,"type":"if","locations":[{"start":{"line":69,"column":2},"end":{"line":69,"column":2}},{"start":{"line":69,"column":2},"end":{"line":69,"column":2}}]},"8":{"line":78,"type":"if","locations":[{"start":{"line":78,"column":3},"end":{"line":78,"column":3}},{"start":{"line":78,"column":3},"end":{"line":78,"column":3}}]},"9":{"line":78,"type":"binary-expr","locations":[{"start":{"line":78,"column":7},"end":{"line":78,"column":31}},{"start":{"line":78,"column":35},"end":{"line":78,"column":61}},{"start":{"line":78,"column":65},"end":{"line":78,"column":107}}]},"10":{"line":91,"type":"if","locations":[{"start":{"line":91,"column":3},"end":{"line":91,"column":3}},{"start":{"line":91,"column":3},"end":{"line":91,"column":3}}]},"11":{"line":94,"type":"if","locations":[{"start":{"line":94,"column":3},"end":{"line":94,"column":3}},{"start":{"line":94,"column":3},"end":{"line":94,"column":3}}]},"12":{"line":94,"type":"binary-expr","locations":[{"start":{"line":94,"column":7},"end":{"line":94,"column":15}},{"start":{"line":94,"column":19},"end":{"line":94,"column":39}}]},"13":{"line":97,"type":"if","locations":[{"start":{"line":97,"column":3},"end":{"line":97,"column":3}},{"start":{"line":97,"column":3},"end":{"line":97,"column":3}}]},"14":{"line":97,"type":"binary-expr","locations":[{"start":{"line":97,"column":7},"end":{"line":97,"column":27}},{"start":{"line":97,"column":31},"end":{"line":97,"column":78}}]},"15":{"line":100,"type":"binary-expr","locations":[{"start":{"line":100,"column":15},"end":{"line":100,"column":18}},{"start":{"line":100,"column":22},"end":{"line":100,"column":34}}]},"16":{"line":105,"type":"if","locations":[{"start":{"line":105,"column":2},"end":{"line":105,"column":2}},{"start":{"line":105,"column":2},"end":{"line":105,"column":2}}]},"17":{"line":110,"type":"if","locations":[{"start":{"line":110,"column":4},"end":{"line":110,"column":4}},{"start":{"line":110,"column":4},"end":{"line":110,"column":4}}]},"18":{"line":110,"type":"binary-expr","locations":[{"start":{"line":110,"column":8},"end":{"line":110,"column":53}},{"start":{"line":110,"column":57},"end":{"line":110,"column":89}}]}},"code":["var enforce = require(\"enforce\");","var util    = require(\"util\");","","var validators = {","\trequired       : enforce.required,","\tnotEmptyString : enforce.notEmptyString,","","\trangeNumber    : enforce.ranges.number,","\trangeLength    : enforce.ranges.length,","","\tinsideList     : enforce.lists.inside,","\toutsideList    : enforce.lists.outside,","","\tpassword       : enforce.security.password,","","\tpatterns       : enforce.patterns","};","","","/**"," * Check if a value is the same as a value"," * of another property (useful for password"," * checking)."," **/","validators.equalToProperty = function (name, msg) {","\treturn function (v, next) {","\t\tif (v === this[name]) {","\t\t\treturn next();","\t\t}","\t\treturn next(msg || 'not-equal-to-property');","\t};","};","","/**"," * Check if a property is unique in the collection."," * This can take a while because a query has to be made against the Model."," *"," * Due to the async nature of node, and concurrent web server environments,"," * an index on the database column is the only way to gurantee uniqueness."," *"," * For sensibility's sake, undefined and null values are ignored for uniqueness"," * checks."," *"," * Options:"," *   ignoreCase: for postgres; mysql ignores case by default."," *   scope: (Array) scope uniqueness to listed properties"," **/","validators.unique = function () {","\tvar arg, k;","\tvar msg = null, opts = {};","","\tfor (k in arguments) {","\t\targ = arguments[k];","\t\tif (typeof arg === \"string\") {","\t\t\tmsg = arg;","\t\t} else if (typeof arg === \"object\") {","\t\t\topts = arg;","\t\t}","\t}","","\treturn function (v, next, ctx) {","\t\tvar s, scopeProp;","","\t\tif (typeof v === \"undefined\" || v === null) {","\t\t\treturn next();","\t\t}","","\t\t//Cannot process on database engines which don't support SQL syntax","\t\tif (!ctx.driver.isSql) {","\t\t\treturn next('not-supported');","\t\t}","","\t\tvar chain = ctx.model.find();","","\t\tvar chainQuery = function (prop, value) {","\t\t\tvar query = null;","","\t\t\tif (opts.ignoreCase === true && ctx.model.properties[prop] && ctx.model.properties[prop].type === 'text') {","\t\t\t\tquery = util.format('LOWER(%s.%s) LIKE LOWER(?)',","\t\t\t\t\tctx.driver.query.escapeId(ctx.model.table), ctx.driver.query.escapeId(prop)","\t\t\t\t);","\t\t\t\tchain.where(query, [value]);","\t\t\t} else {","\t\t\t\tquery = {};","\t\t\t\tquery[prop] = value;","\t\t\t\tchain.where(query);","\t\t\t}","\t\t};","","\t\tvar handler = function (err, records) {","\t\t\tif (err) {","\t\t\t\treturn next();","\t\t\t}","\t\t\tif (!records || records.length === 0) {","\t\t\t\treturn next();","\t\t\t}","\t\t\tif (records.length === 1 && records[0][ctx.model.id] === this[ctx.model.id]) {","\t\t\t\treturn next();","\t\t\t}","\t\t\treturn next(msg || 'not-unique');","\t\t}.bind(this);","","\t\tchainQuery(ctx.property, v);","","\t\tif (opts.scope) {","\t\t\tfor (s in opts.scope) {","\t\t\t\tscopeProp = opts.scope[s];","","\t\t\t\t// In SQL unique index land, NULL values are not considered equal.","\t\t\t\tif (typeof ctx.instance[scopeProp] == 'undefined' || ctx.instance[scopeProp] === null) {","\t\t\t\t\treturn next();","\t\t\t\t}","","\t\t\t\tchainQuery(scopeProp, ctx.instance[scopeProp]);","\t\t\t}","\t\t}","","\t\tchain.all(handler);","\t};","};","","module.exports = validators;",""],"l":{"1":1,"2":1,"4":1,"25":1,"26":0,"27":0,"28":0,"30":0,"48":1,"49":0,"50":0,"52":0,"53":0,"54":0,"55":0,"56":0,"57":0,"61":0,"62":0,"64":0,"65":0,"69":0,"70":0,"73":0,"75":0,"76":0,"78":0,"79":0,"82":0,"84":0,"85":0,"86":0,"90":0,"91":0,"92":0,"94":0,"95":0,"97":0,"98":0,"100":0,"103":0,"105":0,"106":0,"107":0,"110":0,"111":0,"114":0,"118":0,"122":1}},"/home/travis/build/npmtest/node-npmtest-orm/orm/lib/Drivers/aliases.js":{"path":"/home/travis/build/npmtest/node-npmtest-orm/orm/lib/Drivers/aliases.js","s":{"1":1},"b":{},"f":{},"fnMap":{},"statementMap":{"1":{"start":{"line":1,"column":0},"end":{"line":6,"column":2}}},"branchMap":{},"code":["module.exports = {","\tpostgresql : \"postgres\",","\tpg         : \"postgres\",","","\tmongo      : \"mongodb\"","};",""],"l":{"1":1}},"/home/travis/build/npmtest/node-npmtest-orm/orm/lib/Adapters.js":{"path":"/home/travis/build/npmtest/node-npmtest-orm/orm/lib/Adapters.js","s":{"1":1,"2":1,"3":1,"4":1,"5":1,"6":0,"7":1,"8":0,"9":0,"10":0,"11":0,"12":0},"b":{"1":[0,0],"2":[0,0]},"f":{"1":0,"2":0},"fnMap":{"1":{"name":"addAdapter","line":9,"loc":{"start":{"line":9,"column":0},"end":{"line":9,"column":39}}},"2":{"name":"getAdapter","line":13,"loc":{"start":{"line":13,"column":0},"end":{"line":13,"column":26}}}},"statementMap":{"1":{"start":{"line":1,"column":0},"end":{"line":1,"column":43}},"2":{"start":{"line":3,"column":0},"end":{"line":3,"column":32}},"3":{"start":{"line":4,"column":0},"end":{"line":4,"column":32}},"4":{"start":{"line":7,"column":0},"end":{"line":7,"column":18}},"5":{"start":{"line":9,"column":0},"end":{"line":11,"column":1}},"6":{"start":{"line":10,"column":2},"end":{"line":10,"column":31}},"7":{"start":{"line":13,"column":0},"end":{"line":21,"column":1}},"8":{"start":{"line":14,"column":2},"end":{"line":18,"column":3}},"9":{"start":{"line":15,"column":4},"end":{"line":15,"column":37}},"10":{"start":{"line":16,"column":9},"end":{"line":18,"column":3}},"11":{"start":{"line":17,"column":4},"end":{"line":17,"column":61}},"12":{"start":{"line":20,"column":2},"end":{"line":20,"column":24}}},"branchMap":{"1":{"line":14,"type":"if","locations":[{"start":{"line":14,"column":2},"end":{"line":14,"column":2}},{"start":{"line":14,"column":2},"end":{"line":14,"column":2}}]},"2":{"line":16,"type":"if","locations":[{"start":{"line":16,"column":9},"end":{"line":16,"column":9}},{"start":{"line":16,"column":9},"end":{"line":16,"column":9}}]}},"code":["var aliases = require('./Drivers/aliases');","","module.exports.add = addAdapter;","module.exports.get = getAdapter;","","","var adapters = {};","","function addAdapter(name, constructor) {","  adapters[name] = constructor;","}","","function getAdapter(name) {","  if (name in aliases) {","    return getAdapter(aliases[name]);","  } else if (!(name in adapters)) {","    adapters[name] = require(\"./Drivers/DML/\" + name).Driver;","  }","","  return adapters[name];","}",""],"l":{"1":1,"3":1,"4":1,"7":1,"9":1,"10":0,"13":1,"14":0,"15":0,"16":0,"17":0,"20":0}}}